#
# There is insufficient memory for the Java Runtime Environment to continue.
# Native memory allocation (malloc) failed to allocate 1090496 bytes for Chunk::new
# Possible reasons:
#   The system is out of physical RAM or swap space
#   The process is running with CompressedOops enabled, and the Java Heap may be blocking the growth of the native heap
# Possible solutions:
#   Reduce memory load on the system
#   Increase physical memory or swap space
#   Check if swap backing store is full
#   Decrease Java heap size (-Xmx/-Xms)
#   Decrease number of Java threads
#   Decrease Java thread stack sizes (-Xss)
#   Set larger code cache with -XX:ReservedCodeCacheSize=
#   JVM is running with Unscaled Compressed Oops mode in which the Java heap is
#     placed in the first 4GB address space. The Java Heap base address is the
#     maximum limit for the native heap growth. Please use -XX:HeapBaseMinAddress
#     to set the Java Heap base and to place the Java Heap above 4GB virtual address.
# This output file may be truncated or incomplete.
#
#  Out of Memory Error (allocation.cpp:389), pid=18584, tid=0x0000000000004a40
#
# JRE version: OpenJDK Runtime Environment (8.0_272-b10) (build 1.8.0_272-b10)
# Java VM: OpenJDK 64-Bit Server VM (25.272-b10 mixed mode windows-amd64 compressed oops)
# Failed to write core dump. Minidumps are not enabled by default on client versions of Windows
#

---------------  T H R E A D  ---------------

Current thread (0x000000001720b000):  JavaThread "C2 CompilerThread1" daemon [_thread_in_native, id=19008, stack(0x0000000018950000,0x0000000018a50000)]

Stack: [0x0000000018950000,0x0000000018a50000]
[error occurred during error reporting (printing stack bounds), id 0xc0000005]

Native frames: (J=compiled Java code, j=interpreted, Vv=VM code, C=native code)


Current CompileTask:
C2:  18106 4345   !   4       org.springframework.core.annotation.AnnotationsScanner::processMethodHierarchy (276 bytes)


---------------  P R O C E S S  ---------------

Java Threads: ( => current thread )
  0x0000000019387000 JavaThread "HikariPool-1 connection adder" daemon [_thread_blocked, id=15868, stack(0x0000000021000000,0x0000000021100000)]
  0x0000000018c89800 JavaThread "HikariPool-1 housekeeper" daemon [_thread_blocked, id=8068, stack(0x0000000020f00000,0x0000000021000000)]
  0x000000001cea1800 JavaThread "mysql-cj-abandoned-connection-cleanup" daemon [_thread_blocked, id=19872, stack(0x00000000206d0000,0x00000000207d0000)]
  0x000000001c9dd800 JavaThread "container-0" [_thread_blocked, id=19820, stack(0x000000001f510000,0x000000001f610000)]
  0x000000001ca5c800 JavaThread "Catalina-utility-2" [_thread_blocked, id=18472, stack(0x000000001f410000,0x000000001f510000)]
  0x000000001c760000 JavaThread "Catalina-utility-1" [_thread_blocked, id=18280, stack(0x000000001b3a0000,0x000000001b4a0000)]
  0x00000000197d4800 JavaThread "restartedMain" [_thread_in_native, id=15388, stack(0x000000001ab60000,0x000000001ac60000)]
  0x00000000197d1800 JavaThread "Thread-0" [_thread_blocked, id=15896, stack(0x000000001aa60000,0x000000001ab60000)]
  0x0000000018b91000 JavaThread "Service Thread" daemon [_thread_blocked, id=17972, stack(0x0000000018f50000,0x0000000019050000)]
  0x000000001720c000 JavaThread "C1 CompilerThread2" daemon [_thread_blocked, id=11312, stack(0x0000000018a50000,0x0000000018b50000)]
=>0x000000001720b000 JavaThread "C2 CompilerThread1" daemon [_thread_in_native, id=19008, stack(0x0000000018950000,0x0000000018a50000)]
  0x0000000017209000 JavaThread "C2 CompilerThread0" daemon [_thread_blocked, id=19908, stack(0x0000000018850000,0x0000000018950000)]
  0x00000000171fe800 JavaThread "Attach Listener" daemon [_thread_blocked, id=12532, stack(0x0000000018750000,0x0000000018850000)]
  0x00000000171fd000 JavaThread "Signal Dispatcher" daemon [_thread_blocked, id=19416, stack(0x0000000018650000,0x0000000018750000)]
  0x00000000026cc800 JavaThread "Finalizer" daemon [_thread_blocked, id=6784, stack(0x0000000018450000,0x0000000018550000)]
  0x00000000171d9000 JavaThread "Reference Handler" daemon [_thread_blocked, id=19280, stack(0x0000000018350000,0x0000000018450000)]
  0x00000000025d7800 JavaThread "main" [_thread_blocked, id=16224, stack(0x0000000002330000,0x0000000002430000)]

Other Threads:
  0x00000000171b6800 VMThread [stack: 0x0000000018250000,0x0000000018350000] [id=17576]
  0x000000001724e000 WatcherThread [stack: 0x0000000019050000,0x0000000019150000] [id=11796]

VM state:not at safepoint (normal execution)

VM Mutex/Monitor currently owned by a thread: None

heap address: 0x0000000081e00000, size: 2018 MB, Compressed Oops mode: 32-bit
Narrow klass base: 0x0000000000000000, Narrow klass shift: 3
Compressed class space size: 1073741824 Address: 0x0000000100000000

Heap:
 PSYoungGen      total 142848K, used 33873K [0x00000000d5f80000, 0x00000000e3000000, 0x0000000100000000)
  eden space 133120K, 18% used [0x00000000d5f80000,0x00000000d7716688,0x00000000de180000)
  from space 9728K, 99% used [0x00000000de180000,0x00000000deafdef0,0x00000000deb00000)
  to   space 16384K, 0% used [0x00000000e2000000,0x00000000e2000000,0x00000000e3000000)
 ParOldGen       total 76288K, used 22124K [0x0000000081e00000, 0x0000000086880000, 0x00000000d5f80000)
  object space 76288K, 29% used [0x0000000081e00000,0x000000008339b348,0x0000000086880000)
 Metaspace       used 50996K, capacity 53526K, committed 53976K, reserved 1095680K
  class space    used 6891K, capacity 7345K, committed 7424K, reserved 1048576K

Card table byte_map: [0x0000000011a90000,0x0000000011e90000] byte_map_base: 0x0000000011681000

Marking Bits: (ParMarkBitMap*) 0x000000006145a830
 Begin Bits: [0x0000000012540000, 0x00000000144c8000)
 End Bits:   [0x00000000144c8000, 0x0000000016450000)

Polling page: 0x0000000000830000

CodeCache: size=245760Kb used=13493Kb max_used=13509Kb free=232266Kb
 bounds [0x00000000026d0000, 0x0000000003420000, 0x00000000116d0000]
 total_blobs=4436 nmethods=3906 adapters=442
 compilation: enabled

Compilation events (10 events):
Event: 17.965 Thread 0x000000001720c000 4349       3       java.lang.ThreadLocal::set (30 bytes)
Event: 17.966 Thread 0x000000001720c000 nmethod 4349 0x00000000033fa910 code [0x00000000033faaa0, 0x00000000033faea8]
Event: 18.079 Thread 0x0000000017209000 nmethod 4348 0x000000000340ae90 code [0x000000000340b2e0, 0x000000000340d580]
Event: 18.080 Thread 0x0000000017209000 4350       4       org.springframework.core.annotation.TypeMappedAnnotations$MergedAnnotationFinder::finish (9 bytes)
Event: 18.081 Thread 0x0000000017209000 nmethod 4350 0x00000000033f7110 code [0x00000000033f7240, 0x00000000033f72d8]
Event: 18.081 Thread 0x0000000017209000 4351       4       org.springframework.core.annotation.TypeMappedAnnotations$MergedAnnotationFinder::<init> (37 bytes)
Event: 18.082 Thread 0x0000000017209000 nmethod 4351 0x00000000033eb390 code [0x00000000033eb4c0, 0x00000000033eb558]
Event: 18.103 Thread 0x000000001720c000 4352       3       java.util.SubList$1::hasNext (20 bytes)
Event: 18.104 Thread 0x000000001720c000 nmethod 4352 0x00000000033f82d0 code [0x00000000033f8440, 0x00000000033f8768]
Event: 18.104 Thread 0x000000001720c000 4353       3       java.util.SubList$1::nextIndex (18 bytes)

GC Heap History (10 events):
Event: 4.468 GC heap before
{Heap before GC invocations=7 (full 1):
 PSYoungGen      total 142336K, used 5613K [0x00000000d5f80000, 0x00000000df480000, 0x0000000100000000)
  eden space 133120K, 0% used [0x00000000d5f80000,0x00000000d5f80000,0x00000000de180000)
  from space 9216K, 60% used [0x00000000deb80000,0x00000000df0fb408,0x00000000df480000)
  to   space 9728K, 0% used [0x00000000de180000,0x00000000de180000,0x00000000deb00000)
 ParOldGen       total 87552K, used 6280K [0x0000000081e00000, 0x0000000087380000, 0x00000000d5f80000)
  object space 87552K, 7% used [0x0000000081e00000,0x00000000824221d8,0x0000000087380000)
 Metaspace       used 20250K, capacity 21176K, committed 21248K, reserved 1067008K
  class space    used 2541K, capacity 2764K, committed 2816K, reserved 1048576K
Event: 4.514 GC heap after
Heap after GC invocations=7 (full 1):
 PSYoungGen      total 142336K, used 0K [0x00000000d5f80000, 0x00000000df480000, 0x0000000100000000)
  eden space 133120K, 0% used [0x00000000d5f80000,0x00000000d5f80000,0x00000000de180000)
  from space 9216K, 0% used [0x00000000deb80000,0x00000000deb80000,0x00000000df480000)
  to   space 9728K, 0% used [0x00000000de180000,0x00000000de180000,0x00000000deb00000)
 ParOldGen       total 51712K, used 5860K [0x0000000081e00000, 0x0000000085080000, 0x00000000d5f80000)
  object space 51712K, 11% used [0x0000000081e00000,0x00000000823b9140,0x0000000085080000)
 Metaspace       used 20250K, capacity 21176K, committed 21248K, reserved 1067008K
  class space    used 2541K, capacity 2764K, committed 2816K, reserved 1048576K
}
Event: 9.368 GC heap before
{Heap before GC invocations=8 (full 1):
 PSYoungGen      total 142336K, used 133069K [0x00000000d5f80000, 0x00000000df480000, 0x0000000100000000)
  eden space 133120K, 99% used [0x00000000d5f80000,0x00000000de1735d0,0x00000000de180000)
  from space 9216K, 0% used [0x00000000deb80000,0x00000000deb80000,0x00000000df480000)
  to   space 9728K, 0% used [0x00000000de180000,0x00000000de180000,0x00000000deb00000)
 ParOldGen       total 51712K, used 5860K [0x0000000081e00000, 0x0000000085080000, 0x00000000d5f80000)
  object space 51712K, 11% used [0x0000000081e00000,0x00000000823b9140,0x0000000085080000)
 Metaspace       used 28507K, capacity 30566K, committed 30848K, reserved 1075200K
  class space    used 3697K, capacity 4105K, committed 4224K, reserved 1048576K
Event: 9.387 GC heap after
Heap after GC invocations=8 (full 1):
 PSYoungGen      total 142848K, used 9717K [0x00000000d5f80000, 0x00000000df480000, 0x0000000100000000)
  eden space 133120K, 0% used [0x00000000d5f80000,0x00000000d5f80000,0x00000000de180000)
  from space 9728K, 99% used [0x00000000de180000,0x00000000deafd478,0x00000000deb00000)
  to   space 9216K, 0% used [0x00000000deb80000,0x00000000deb80000,0x00000000df480000)
 ParOldGen       total 51712K, used 8203K [0x0000000081e00000, 0x0000000085080000, 0x00000000d5f80000)
  object space 51712K, 15% used [0x0000000081e00000,0x0000000082602df8,0x0000000085080000)
 Metaspace       used 28507K, capacity 30566K, committed 30848K, reserved 1075200K
  class space    used 3697K, capacity 4105K, committed 4224K, reserved 1048576K
}
Event: 12.530 GC heap before
{Heap before GC invocations=9 (full 1):
 PSYoungGen      total 142848K, used 93921K [0x00000000d5f80000, 0x00000000df480000, 0x0000000100000000)
  eden space 133120K, 63% used [0x00000000d5f80000,0x00000000db1bb258,0x00000000de180000)
  from space 9728K, 99% used [0x00000000de180000,0x00000000deafd478,0x00000000deb00000)
  to   space 9216K, 0% used [0x00000000deb80000,0x00000000deb80000,0x00000000df480000)
 ParOldGen       total 51712K, used 8203K [0x0000000081e00000, 0x0000000085080000, 0x00000000d5f80000)
  object space 51712K, 15% used [0x0000000081e00000,0x0000000082602df8,0x0000000085080000)
 Metaspace       used 33102K, capacity 35328K, committed 35416K, reserved 1079296K
  class space    used 4235K, capacity 4682K, committed 4736K, reserved 1048576K
Event: 12.550 GC heap after
Heap after GC invocations=9 (full 1):
 PSYoungGen      total 142336K, used 9195K [0x00000000d5f80000, 0x00000000df480000, 0x0000000100000000)
  eden space 133120K, 0% used [0x00000000d5f80000,0x00000000d5f80000,0x00000000de180000)
  from space 9216K, 99% used [0x00000000deb80000,0x00000000df47aea0,0x00000000df480000)
  to   space 9728K, 0% used [0x00000000de180000,0x00000000de180000,0x00000000deb00000)
 ParOldGen       total 51712K, used 9724K [0x0000000081e00000, 0x0000000085080000, 0x00000000d5f80000)
  object space 51712K, 18% used [0x0000000081e00000,0x000000008277f340,0x0000000085080000)
 Metaspace       used 33102K, capacity 35328K, committed 35416K, reserved 1079296K
  class space    used 4235K, capacity 4682K, committed 4736K, reserved 1048576K
}
Event: 12.550 GC heap before
{Heap before GC invocations=10 (full 2):
 PSYoungGen      total 142336K, used 9195K [0x00000000d5f80000, 0x00000000df480000, 0x0000000100000000)
  eden space 133120K, 0% used [0x00000000d5f80000,0x00000000d5f80000,0x00000000de180000)
  from space 9216K, 99% used [0x00000000deb80000,0x00000000df47aea0,0x00000000df480000)
  to   space 9728K, 0% used [0x00000000de180000,0x00000000de180000,0x00000000deb00000)
 ParOldGen       total 51712K, used 9724K [0x0000000081e00000, 0x0000000085080000, 0x00000000d5f80000)
  object space 51712K, 18% used [0x0000000081e00000,0x000000008277f340,0x0000000085080000)
 Metaspace       used 33102K, capacity 35328K, committed 35416K, reserved 1079296K
  class space    used 4235K, capacity 4682K, committed 4736K, reserved 1048576K
Event: 12.638 GC heap after
Heap after GC invocations=10 (full 2):
 PSYoungGen      total 142336K, used 0K [0x00000000d5f80000, 0x00000000df480000, 0x0000000100000000)
  eden space 133120K, 0% used [0x00000000d5f80000,0x00000000d5f80000,0x00000000de180000)
  from space 9216K, 0% used [0x00000000deb80000,0x00000000deb80000,0x00000000df480000)
  to   space 9728K, 0% used [0x00000000de180000,0x00000000de180000,0x00000000deb00000)
 ParOldGen       total 76288K, used 15371K [0x0000000081e00000, 0x0000000086880000, 0x00000000d5f80000)
  object space 76288K, 20% used [0x0000000081e00000,0x0000000082d02e70,0x0000000086880000)
 Metaspace       used 33102K, capacity 35328K, committed 35416K, reserved 1079296K
  class space    used 4235K, capacity 4682K, committed 4736K, reserved 1048576K
}
Event: 17.145 GC heap before
{Heap before GC invocations=11 (full 2):
 PSYoungGen      total 142336K, used 133120K [0x00000000d5f80000, 0x00000000df480000, 0x0000000100000000)
  eden space 133120K, 100% used [0x00000000d5f80000,0x00000000de180000,0x00000000de180000)
  from space 9216K, 0% used [0x00000000deb80000,0x00000000deb80000,0x00000000df480000)
  to   space 9728K, 0% used [0x00000000de180000,0x00000000de180000,0x00000000deb00000)
 ParOldGen       total 76288K, used 15371K [0x0000000081e00000, 0x0000000086880000, 0x00000000d5f80000)
  object space 76288K, 20% used [0x0000000081e00000,0x0000000082d02e70,0x0000000086880000)
 Metaspace       used 48593K, capacity 51042K, committed 51288K, reserved 1093632K
  class space    used 6588K, capacity 7035K, committed 7040K, reserved 1048576K
Event: 17.163 GC heap after
Heap after GC invocations=11 (full 2):
 PSYoungGen      total 142848K, used 9719K [0x00000000d5f80000, 0x00000000e3000000, 0x0000000100000000)
  eden space 133120K, 0% used [0x00000000d5f80000,0x00000000d5f80000,0x00000000de180000)
  from space 9728K, 99% used [0x00000000de180000,0x00000000deafdef0,0x00000000deb00000)
  to   space 16384K, 0% used [0x00000000e2000000,0x00000000e2000000,0x00000000e3000000)
 ParOldGen       total 76288K, used 22124K [0x0000000081e00000, 0x0000000086880000, 0x00000000d5f80000)
  object space 76288K, 29% used [0x0000000081e00000,0x000000008339b348,0x0000000086880000)
 Metaspace       used 48593K, capacity 51042K, committed 51288K, reserved 1093632K
  class space    used 6588K, capacity 7035K, committed 7040K, reserved 1048576K
}

Deoptimization events (10 events):
Event: 17.571 Thread 0x00000000197d4800 Uncommon trap: reason=unstable_if action=reinterpret pc=0x0000000003248470 method=org.springframework.core.annotation.TypeMappedAnnotations.scan(Ljava/lang/Object;Lorg/springframework/core/annotation/AnnotationsProcessor;)Ljava/lang/Object; @ 4
Event: 17.572 Thread 0x00000000197d4800 Uncommon trap: reason=class_check action=maybe_recompile pc=0x0000000003054c3c method=org.springframework.beans.factory.support.AbstractBeanFactory.isTypeMatch(Ljava/lang/String;Lorg/springframework/core/ResolvableType;Z)Z @ 53
Event: 17.576 Thread 0x00000000197d4800 Uncommon trap: reason=class_check action=maybe_recompile pc=0x0000000003054c3c method=org.springframework.beans.factory.support.AbstractBeanFactory.isTypeMatch(Ljava/lang/String;Lorg/springframework/core/ResolvableType;Z)Z @ 53
Event: 17.615 Thread 0x00000000197d4800 Uncommon trap: reason=class_check action=maybe_recompile pc=0x0000000002fcf0a0 method=org.springframework.core.ResolvableType.resolveType()Lorg/springframework/core/ResolvableType; @ 101
Event: 17.645 Thread 0x00000000197d4800 Uncommon trap: reason=class_check action=maybe_recompile pc=0x0000000003054c3c method=org.springframework.beans.factory.support.AbstractBeanFactory.isTypeMatch(Ljava/lang/String;Lorg/springframework/core/ResolvableType;Z)Z @ 53
Event: 17.647 Thread 0x00000000197d4800 Uncommon trap: reason=unstable_if action=reinterpret pc=0x000000000310d4e0 method=org.springframework.core.annotation.TypeMappedAnnotations$MergedAnnotationFinder.doWithAnnotations(Ljava/lang/Object;ILjava/lang/Object;[Ljava/lang/annotation/Annotation;)Lo
Event: 17.648 Thread 0x00000000197d4800 Uncommon trap: reason=class_check action=maybe_recompile pc=0x0000000003054c3c method=org.springframework.beans.factory.support.AbstractBeanFactory.isTypeMatch(Ljava/lang/String;Lorg/springframework/core/ResolvableType;Z)Z @ 53
Event: 17.650 Thread 0x00000000197d4800 Uncommon trap: reason=unstable_if action=reinterpret pc=0x0000000002f11250 method=org.springframework.beans.factory.support.AbstractAutowireCapableBeanFactory.determineTargetType(Ljava/lang/String;Lorg/springframework/beans/factory/support/RootBeanDefinit
Event: 17.664 Thread 0x00000000197d4800 Uncommon trap: reason=unstable_if action=reinterpret pc=0x0000000002da9070 method=org.springframework.asm.ClassReader.readUtf(II[C)Ljava/lang/String; @ 41
Event: 17.976 Thread 0x00000000197d4800 Uncommon trap: reason=class_check action=maybe_recompile pc=0x0000000002fcf0a0 method=org.springframework.core.ResolvableType.resolveType()Lorg/springframework/core/ResolvableType; @ 101

Classes redefined (0 events):
No events

Internal exceptions (10 events):
Event: 17.628 Thread 0x00000000197d4800 Exception <a 'java/lang/ClassNotFoundException': org/springframework/beans/factory/BeanFactoryAwareCustomizer> (0x00000000d6cb2568) thrown at [C:\wsjdk\Corretto8Src\installers\windows\zip\corretto-build\buildRoot\src\hotspot\src\share\vm\classfile\systemD
Event: 17.634 Thread 0x00000000197d4800 Exception <a 'java/lang/ClassNotFoundException': org/springframework/beans/factory/AwareCustomizer> (0x00000000d6cc9ed0) thrown at [C:\wsjdk\Corretto8Src\installers\windows\zip\corretto-build\buildRoot\src\hotspot\src\share\vm\classfile\systemDictionary.c
Event: 17.636 Thread 0x00000000197d4800 Exception <a 'java/lang/ClassNotFoundException': org/springframework/context/ApplicationEventPublisherAwareCustomizer> (0x00000000d6ce4ec0) thrown at [C:\wsjdk\Corretto8Src\installers\windows\zip\corretto-build\buildRoot\src\hotspot\src\share\vm\classfile
Event: 17.638 Thread 0x00000000197d4800 Exception <a 'java/lang/ClassNotFoundException': org/springframework/beans/factory/AwareCustomizer> (0x00000000d6cfc9d0) thrown at [C:\wsjdk\Corretto8Src\installers\windows\zip\corretto-build\buildRoot\src\hotspot\src\share\vm\classfile\systemDictionary.c
Event: 17.653 Thread 0x00000000197d4800 Exception <a 'java/lang/ClassNotFoundException': java/lang/ObjectCustomizer> (0x00000000d6d56e38) thrown at [C:\wsjdk\Corretto8Src\installers\windows\zip\corretto-build\buildRoot\src\hotspot\src\share\vm\classfile\systemDictionary.cpp, line 217]
Event: 17.654 Thread 0x00000000197d4800 Exception <a 'java/lang/ClassNotFoundException': org/springframework/core/io/support/PropertiesLoaderSupportCustomizer> (0x00000000d6d75cc0) thrown at [C:\wsjdk\Corretto8Src\installers\windows\zip\corretto-build\buildRoot\src\hotspot\src\share\vm\classfil
Event: 17.656 Thread 0x00000000197d4800 Exception <a 'java/lang/ClassNotFoundException': org/springframework/beans/factory/config/PropertiesFactoryBeanCustomizer> (0x00000000d6d9b450) thrown at [C:\wsjdk\Corretto8Src\installers\windows\zip\corretto-build\buildRoot\src\hotspot\src\share\vm\class
Event: 17.659 Thread 0x00000000197d4800 Exception <a 'java/lang/ClassNotFoundException': org/springframework/beans/factory/FactoryBeanCustomizer> (0x00000000d6dc8f20) thrown at [C:\wsjdk\Corretto8Src\installers\windows\zip\corretto-build\buildRoot\src\hotspot\src\share\vm\classfile\systemDictio
Event: 17.660 Thread 0x00000000197d4800 Exception <a 'java/lang/ClassNotFoundException': org/springframework/beans/factory/InitializingBeanCustomizer> (0x00000000d6de5440) thrown at [C:\wsjdk\Corretto8Src\installers\windows\zip\corretto-build\buildRoot\src\hotspot\src\share\vm\classfile\systemD
Event: 17.897 Thread 0x00000000197d4800 Exception <a 'java/lang/NoSuchMethodError': java.lang.Object.lambda$static$0(Ljava/lang/Object;)Lorg/springframework/expression/EvaluationContext;> (0x00000000d72a1668) thrown at [C:\wsjdk\Corretto8Src\installers\windows\zip\corretto-build\buildRoot\src\h

Events (10 events):
Event: 18.099 loading class org/hibernate/EmptyInterceptor
Event: 18.099 loading class org/hibernate/EmptyInterceptor done
Event: 18.100 loading class org/hibernate/engine/internal/SessionEventListenerManagerImpl
Event: 18.100 loading class org/hibernate/engine/internal/SessionEventListenerManagerImpl done
Event: 18.102 loading class org/hibernate/internal/CoordinatingEntityNameResolver
Event: 18.102 loading class org/hibernate/internal/CoordinatingEntityNameResolver done
Event: 18.103 loading class org/hibernate/Interceptor
Event: 18.103 loading class org/hibernate/Interceptor done
Event: 18.104 loading class org/hibernate/internal/SharedSessionCreationOptions
Event: 18.104 loading class org/hibernate/internal/SharedSessionCreationOptions done


Dynamic libraries:
0x00007ff760820000 - 0x00007ff760855000 	C:\Users\Admin\.jdks\corretto-1.8.0_272\bin\java.exe
0x00007ffc6a770000 - 0x00007ffc6a965000 	C:\WINDOWS\SYSTEM32\ntdll.dll
0x00007ffc69670000 - 0x00007ffc6972d000 	C:\WINDOWS\System32\KERNEL32.DLL
0x00007ffc68250000 - 0x00007ffc68518000 	C:\WINDOWS\System32\KERNELBASE.dll
0x00007ffc68c00000 - 0x00007ffc68cac000 	C:\WINDOWS\System32\ADVAPI32.dll
0x00007ffc68d80000 - 0x00007ffc68e1e000 	C:\WINDOWS\System32\msvcrt.dll
0x00007ffc68ce0000 - 0x00007ffc68d7b000 	C:\WINDOWS\System32\sechost.dll
0x00007ffc69290000 - 0x00007ffc693bb000 	C:\WINDOWS\System32\RPCRT4.dll
0x00007ffc69450000 - 0x00007ffc695f0000 	C:\WINDOWS\System32\USER32.dll
0x00007ffc687b0000 - 0x00007ffc687d2000 	C:\WINDOWS\System32\win32u.dll
0x00007ffc68cb0000 - 0x00007ffc68cda000 	C:\WINDOWS\System32\GDI32.dll
0x00007ffc686a0000 - 0x00007ffc687ab000 	C:\WINDOWS\System32\gdi32full.dll
0x00007ffc68600000 - 0x00007ffc6869d000 	C:\WINDOWS\System32\msvcp_win.dll
0x00007ffc67ff0000 - 0x00007ffc680f0000 	C:\WINDOWS\System32\ucrtbase.dll
0x00007ffc56490000 - 0x00007ffc5672a000 	C:\WINDOWS\WinSxS\amd64_microsoft.windows.common-controls_6595b64144ccf1df_6.0.19041.1052_none_60b8f8fd71f5e8cb\COMCTL32.dll
0x00007ffc68bd0000 - 0x00007ffc68c00000 	C:\WINDOWS\System32\IMM32.DLL
0x00000000614e0000 - 0x00000000615b2000 	C:\Users\Admin\.jdks\corretto-1.8.0_272\jre\bin\msvcr100.dll
0x0000000060c20000 - 0x00000000614dc000 	C:\Users\Admin\.jdks\corretto-1.8.0_272\jre\bin\server\jvm.dll
0x00007ffc69660000 - 0x00007ffc69668000 	C:\WINDOWS\System32\PSAPI.DLL
0x00007ffc54020000 - 0x00007ffc54029000 	C:\WINDOWS\SYSTEM32\WSOCK32.dll
0x00007ffc695f0000 - 0x00007ffc6965b000 	C:\WINDOWS\System32\WS2_32.dll
0x00007ffc587a0000 - 0x00007ffc587c7000 	C:\WINDOWS\SYSTEM32\WINMM.dll
0x00007ffc5a8a0000 - 0x00007ffc5a8aa000 	C:\WINDOWS\SYSTEM32\VERSION.dll
0x00007ffc63350000 - 0x00007ffc6335f000 	C:\Users\Admin\.jdks\corretto-1.8.0_272\jre\bin\verify.dll
0x00007ffc46310000 - 0x00007ffc46339000 	C:\Users\Admin\.jdks\corretto-1.8.0_272\jre\bin\java.dll
0x00007ffc53ff0000 - 0x00007ffc54006000 	C:\Users\Admin\.jdks\corretto-1.8.0_272\jre\bin\zip.dll
0x00007ffc69f40000 - 0x00007ffc6a67f000 	C:\WINDOWS\System32\SHELL32.dll
0x00007ffc65c30000 - 0x00007ffc663c0000 	C:\WINDOWS\SYSTEM32\windows.storage.dll
0x00007ffc69a60000 - 0x00007ffc69db5000 	C:\WINDOWS\System32\combase.dll
0x00007ffc67920000 - 0x00007ffc6794c000 	C:\WINDOWS\SYSTEM32\Wldp.dll
0x00007ffc69870000 - 0x00007ffc6991e000 	C:\WINDOWS\System32\SHCORE.dll
0x00007ffc69920000 - 0x00007ffc69975000 	C:\WINDOWS\System32\shlwapi.dll
0x00007ffc67df0000 - 0x00007ffc67e0f000 	C:\WINDOWS\SYSTEM32\profapi.dll
0x00007ffc63340000 - 0x00007ffc6334d000 	C:\Users\Admin\.jdks\corretto-1.8.0_272\jre\bin\management.dll
0x00007ffc4bde0000 - 0x00007ffc4bdfb000 	C:\Users\Admin\.jdks\corretto-1.8.0_272\jre\bin\net.dll
0x00007ffc67690000 - 0x00007ffc676fa000 	C:\WINDOWS\system32\mswsock.dll
0x00007ffc61920000 - 0x00007ffc61937000 	C:\WINDOWS\system32\napinsp.dll
0x00007ffc61900000 - 0x00007ffc6191b000 	C:\WINDOWS\system32\pnrpnsp.dll
0x00007ffc62600000 - 0x00007ffc62615000 	C:\WINDOWS\system32\wshbth.dll
0x00007ffc631a0000 - 0x00007ffc631bd000 	C:\WINDOWS\system32\NLAapi.dll
0x00007ffc67330000 - 0x00007ffc6736b000 	C:\WINDOWS\SYSTEM32\IPHLPAPI.DLL
0x00007ffc67380000 - 0x00007ffc6744c000 	C:\WINDOWS\SYSTEM32\DNSAPI.dll
0x00007ffc69730000 - 0x00007ffc69738000 	C:\WINDOWS\System32\NSI.dll
0x00007ffc618a0000 - 0x00007ffc618b2000 	C:\WINDOWS\System32\winrnr.dll
0x00007ffc5ec30000 - 0x00007ffc5ec3a000 	C:\Windows\System32\rasadhlp.dll
0x00007ffc55040000 - 0x00007ffc550bf000 	C:\WINDOWS\System32\fwpuclnt.dll
0x00007ffc67eb0000 - 0x00007ffc67ed7000 	C:\WINDOWS\System32\bcrypt.dll
0x00007ffc4bda0000 - 0x00007ffc4bdb2000 	C:\Users\Admin\.jdks\corretto-1.8.0_272\jre\bin\nio.dll
0x00007ffc67860000 - 0x00007ffc67878000 	C:\WINDOWS\SYSTEM32\CRYPTSP.dll
0x00007ffc66fc0000 - 0x00007ffc66ff4000 	C:\WINDOWS\system32\rsaenh.dll
0x00007ffc67d70000 - 0x00007ffc67d9e000 	C:\WINDOWS\SYSTEM32\USERENV.dll
0x00007ffc68570000 - 0x00007ffc685f3000 	C:\WINDOWS\System32\bcryptprimitives.dll
0x00007ffc67880000 - 0x00007ffc6788c000 	C:\WINDOWS\SYSTEM32\CRYPTBASE.dll
0x00007ffc5bad0000 - 0x00007ffc5bae7000 	C:\WINDOWS\SYSTEM32\dhcpcsvc6.DLL
0x00007ffc5e490000 - 0x00007ffc5e4ad000 	C:\WINDOWS\SYSTEM32\dhcpcsvc.DLL
0x00007ffc5dc30000 - 0x00007ffc5dc54000 	C:\Users\Admin\.jdks\corretto-1.8.0_272\jre\bin\sunec.dll
0x00007ffc5e4b0000 - 0x00007ffc5e4bc000 	C:\Users\Admin\.jdks\corretto-1.8.0_272\jre\bin\sunmscapi.dll
0x00007ffc680f0000 - 0x00007ffc6824f000 	C:\WINDOWS\System32\CRYPT32.dll
0x00007ffc67990000 - 0x00007ffc679b7000 	C:\WINDOWS\SYSTEM32\ncrypt.dll
0x00007ffc67950000 - 0x00007ffc6798b000 	C:\WINDOWS\SYSTEM32\NTASN1.dll

VM Arguments:
jvm_args: -Dfile.encoding=windows-1252 -Duser.country=US -Duser.language=en -Duser.variant 
java_command: com.example.technologyworld.TechnologyWorldApplication
java_class_path (initial): C:\Users\Admin\Documents\Product-Dev\BackEnd-Java\TechnologyWorld\build\classes\java\main;C:\Users\Admin\Documents\Product-Dev\BackEnd-Java\TechnologyWorld\build\resources\main;C:\Users\Admin\.gradle\caches\modules-2\files-2.1\org.springframework.boot\spring-boot-devtools\2.5.1\bfcb2bb0c70b96ce5eb9f59940bb4e6f77184ab5\spring-boot-devtools-2.5.1.jar;C:\Users\Admin\.gradle\caches\modules-2\files-2.1\org.springframework.boot\spring-boot-starter-data-jpa\2.5.1\ac73786ba90eff0050cd0dce778a025a83a6fe87\spring-boot-starter-data-jpa-2.5.1.jar;C:\Users\Admin\.gradle\caches\modules-2\files-2.1\org.springframework.boot\spring-boot-starter-jdbc\2.5.1\1f16392590e8f4204fe8987d006e423b0ce0889e\spring-boot-starter-jdbc-2.5.1.jar;C:\Users\Admin\.gradle\caches\modules-2\files-2.1\org.springframework.boot\spring-boot-starter-thymeleaf\2.5.1\ad68f166edf4b20584d8737187fd25848f280c1a\spring-boot-starter-thymeleaf-2.5.1.jar;C:\Users\Admin\.gradle\caches\modules-2\files-2.1\org.springframework.boot\spring-boot-starter-web\2.5.1\21cb018c0ac46be930e83ad4231550892e2002ac\spring-boot-starter-web-2.5.1.jar;C:\Users\Admin\.gradle\caches\modules-2\files-2.1\mysql\mysql-connector-java\8.0.25\f8b9123acd13058c941aff25f308c9ed8000bb73\mysql-connector-java-8.0.25.jar;C:\Users\Admin\.gradle\caches\modules-2\files-2.1\org.postgresql\postgresql\42.2.20\36cc2142f46e8f4b77ffc1840ada1ba33d96324f\postgresql-42.2.20.jar;C:\Users\Admin\.gradle\caches\modules-2\files-2.1\org.springframework.boot\spring-boot-starter-aop\2.5.1\44d475a5c3173610effbc4ad771ba3eb0482b6b9\spring-boot-starter-aop-2.5.1.jar;C:\Users\Admin\.gradle\caches\modules-2\files-2.1\org.springframework.boot\spring-boot-starter-json\2.5.1\6caadea880eea629af40bc30163b6be047999b95\spring-boot-starter-json-2.5.1.jar;C:\Users\Admin\.gradle\caches\modules-2\files-2.1\org.springframework.boot\spring-boot-starter\2.5.1\2d43f64d7016e3a3a3bb5173b30d4cf67dd8c310\spring-boot-starter-2.5.1.jar;C:\Users\Admin\.gradle\caches\modules
Launcher Type: SUN_STANDARD

Environment Variables:
JAVA_HOME=C:\Program Files\Java\jdk1.8.0_251
JRE_HOME=C:\Program Files\Java\jdk-14
PATH=C:\Program Files (x86)\Common Files\Oracle\Java\javapath;C:\WINDOWS\system32;C:\WINDOWS;C:\WINDOWS\System32\Wbem;C:\WINDOWS\System32\WindowsPowerShell\v1.0\;C:\WINDOWS\System32\OpenSSH\;C:\Program Files\Git\cmd;C:\Program Files\MySQL\MySQL Server 5.7\bin;C:\Program Files\nodejs\;C:\Program Files\dotnet\;C:\Program Files (x86)\dotnet\;C:\Program Files\Microsoft SQL Server\Client SDK\ODBC\170\Tools\Binn\;C:\Program Files (x86)\Microsoft SQL Server\150\Tools\Binn\;C:\Program Files\Microsoft SQL Server\150\Tools\Binn\;C:\Program Files\Microsoft SQL Server\150\DTS\Binn\;C:\Program Files\Azure Data Studio\bin;C:\Program Files (x86)\Microsoft SQL Server\110\Tools\Binn\;C:\Program Files (x86)\Microsoft SQL Server\110\DTS\Binn\;C:\Program Files\MySQL\MySQL Shell 8.0\bin\;C:\Users\Admin\AppData\Local\Microsoft\WindowsApps;C:\Users\Admin\AppData\Local\GitHubDesktop\bin;C:\Program Files\MySQL\MySQL Server 5.7\bin;C:\Program Files\Java\jdk-14;C:\Users\Admin\AppData\Roaming\npm;C:\Users\Admin\AppData\Local\Microsoft\WindowsApps;C:\Users\Admin\AppData\Local\Programs\Microsoft VS Code\bin;C:\Users\Admin\.dotnet\tools;C:\Program Files\dotnet\sdk\5.0.301;;C:\Program Files\Azure Data Studio\bin
USERNAME=Admin
OS=Windows_NT
PROCESSOR_IDENTIFIER=Intel64 Family 6 Model 61 Stepping 4, GenuineIntel



---------------  S Y S T E M  ---------------

OS: Windows 10.0 , 64 bit Build 19041 (10.0.19041.1023)

CPU:total 4 (initial active 4) (2 cores per cpu, 2 threads per core) family 6 model 61 stepping 4, cmov, cx8, fxsr, mmx, sse, sse2, sse3, ssse3, sse4.1, sse4.2, popcnt, avx, avx2, aes, clmul, erms, rtm, 3dnowpref, lzcnt, ht, tsc, tscinvbit, bmi1, bmi2, adx

Memory: 4k page, physical 8257884k(497460k free), swap 14291412k(5444k free)

vm_info: OpenJDK 64-Bit Server VM (25.272-b10) for windows-amd64 JRE (1.8.0_272-b10), built on Oct 21 2020 21:11:20 by "Administrator" with MS VC++ 10.0 (VS2010)

time: Sat Jun 12 21:29:14 2021
timezone: SE Asia Standard Time
elapsed time: 18.119237 seconds (0d 0h 0m 18s)

