#
# There is insufficient memory for the Java Runtime Environment to continue.
# Native memory allocation (malloc) failed to allocate 2225136 bytes for Chunk::new
# Possible reasons:
#   The system is out of physical RAM or swap space
#   The process is running with CompressedOops enabled, and the Java Heap may be blocking the growth of the native heap
# Possible solutions:
#   Reduce memory load on the system
#   Increase physical memory or swap space
#   Check if swap backing store is full
#   Decrease Java heap size (-Xmx/-Xms)
#   Decrease number of Java threads
#   Decrease Java thread stack sizes (-Xss)
#   Set larger code cache with -XX:ReservedCodeCacheSize=
#   JVM is running with Unscaled Compressed Oops mode in which the Java heap is
#     placed in the first 4GB address space. The Java Heap base address is the
#     maximum limit for the native heap growth. Please use -XX:HeapBaseMinAddress
#     to set the Java Heap base and to place the Java Heap above 4GB virtual address.
# This output file may be truncated or incomplete.
#
#  Out of Memory Error (allocation.cpp:389), pid=18240, tid=0x0000000000002c30
#
# JRE version: OpenJDK Runtime Environment (8.0_272-b10) (build 1.8.0_272-b10)
# Java VM: OpenJDK 64-Bit Server VM (25.272-b10 mixed mode windows-amd64 compressed oops)
# Failed to write core dump. Minidumps are not enabled by default on client versions of Windows
#

---------------  T H R E A D  ---------------

Current thread (0x000000001783f800):  JavaThread "C2 CompilerThread0" daemon [_thread_in_native, id=11312, stack(0x0000000018e90000,0x0000000018f90000)]

Stack: [0x0000000018e90000,0x0000000018f90000]
[error occurred during error reporting (printing stack bounds), id 0xc0000005]

Native frames: (J=compiled Java code, j=interpreted, Vv=VM code, C=native code)


Current CompileTask:
C2:   7563 2299       4       java.net.URLClassLoader$1::run (5 bytes)


---------------  P R O C E S S  ---------------

Java Threads: ( => current thread )
  0x0000000019d22000 JavaThread "restartedMain" [_thread_in_native, id=16140, stack(0x000000001b1a0000,0x000000001b2a0000)]
  0x0000000019d20800 JavaThread "Thread-0" [_thread_blocked, id=19904, stack(0x000000001b0a0000,0x000000001b1a0000)]
  0x00000000191d9000 JavaThread "Service Thread" daemon [_thread_blocked, id=32, stack(0x0000000019590000,0x0000000019690000)]
  0x0000000017853000 JavaThread "C1 CompilerThread2" daemon [_thread_blocked, id=7492, stack(0x0000000019090000,0x0000000019190000)]
  0x0000000017842000 JavaThread "C2 CompilerThread1" daemon [_thread_in_native, id=13148, stack(0x0000000018f90000,0x0000000019090000)]
=>0x000000001783f800 JavaThread "C2 CompilerThread0" daemon [_thread_in_native, id=11312, stack(0x0000000018e90000,0x0000000018f90000)]
  0x000000001783c800 JavaThread "Attach Listener" daemon [_thread_blocked, id=18652, stack(0x0000000018d90000,0x0000000018e90000)]
  0x000000001783b000 JavaThread "Signal Dispatcher" daemon [_thread_blocked, id=1388, stack(0x0000000018c90000,0x0000000018d90000)]
  0x0000000002d0c000 JavaThread "Finalizer" daemon [_thread_blocked, id=19572, stack(0x0000000018a90000,0x0000000018b90000)]
  0x0000000017819000 JavaThread "Reference Handler" daemon [_thread_blocked, id=18912, stack(0x0000000018990000,0x0000000018a90000)]
  0x0000000002c17800 JavaThread "main" [_thread_blocked, id=17008, stack(0x0000000002b10000,0x0000000002c10000)]

Other Threads:
  0x00000000177f6800 VMThread [stack: 0x0000000018890000,0x0000000018990000] [id=19444]
  0x000000001788d000 WatcherThread [stack: 0x0000000019690000,0x0000000019790000] [id=19908]

VM state:not at safepoint (normal execution)

VM Mutex/Monitor currently owned by a thread: None

heap address: 0x0000000081e00000, size: 2018 MB, Compressed Oops mode: 32-bit
Narrow klass base: 0x0000000000000000, Narrow klass shift: 3
Compressed class space size: 1073741824 Address: 0x0000000100000000

Heap:
 PSYoungGen      total 142336K, used 43552K [0x00000000d5f80000, 0x00000000df480000, 0x0000000100000000)
  eden space 133120K, 32% used [0x00000000d5f80000,0x00000000d8a08198,0x00000000de180000)
  from space 9216K, 0% used [0x00000000deb80000,0x00000000deb80000,0x00000000df480000)
  to   space 9728K, 0% used [0x00000000de180000,0x00000000de180000,0x00000000deb00000)
 ParOldGen       total 49664K, used 5828K [0x0000000081e00000, 0x0000000084e80000, 0x00000000d5f80000)
  object space 49664K, 11% used [0x0000000081e00000,0x00000000823b1230,0x0000000084e80000)
 Metaspace       used 22504K, capacity 23784K, committed 23936K, reserved 1071104K
  class space    used 2846K, capacity 3107K, committed 3200K, reserved 1048576K

Card table byte_map: [0x00000000120d0000,0x00000000124d0000] byte_map_base: 0x0000000011cc1000

Marking Bits: (ParMarkBitMap*) 0x000000006145a830
 Begin Bits: [0x0000000012b80000, 0x0000000014b08000)
 End Bits:   [0x0000000014b08000, 0x0000000016a90000)

Polling page: 0x0000000000e10000

CodeCache: size=245760Kb used=7651Kb max_used=7651Kb free=238108Kb
 bounds [0x0000000002d10000, 0x0000000003490000, 0x0000000011d10000]
 total_blobs=2725 nmethods=2364 adapters=273
 compilation: enabled

Compilation events (10 events):
Event: 7.438 Thread 0x0000000017853000 2363       3       java.net.URLClassLoader::definePackage (272 bytes)
Event: 7.442 Thread 0x0000000017853000 nmethod 2363 0x0000000003484a90 code [0x0000000003484f20, 0x0000000003487dd8]
Event: 7.442 Thread 0x0000000017853000 2364       3       java.lang.invoke.InvokerBytecodeGenerator::assertStaticType (58 bytes)
Event: 7.442 Thread 0x0000000017853000 nmethod 2364 0x0000000003489a50 code [0x0000000003489be0, 0x000000000348a238]
Event: 7.464 Thread 0x0000000017853000 2365       3       org.springframework.util.AntPathMatcher::skipSeparator (30 bytes)
Event: 7.464 Thread 0x0000000017853000 nmethod 2365 0x000000000348a450 code [0x000000000348a5e0, 0x000000000348a9c8]
Event: 7.465 Thread 0x0000000017853000 2366       3       org.springframework.util.AntPathMatcher::skipSegment (75 bytes)
Event: 7.466 Thread 0x0000000017853000 nmethod 2366 0x000000000348ab90 code [0x000000000348ad60, 0x000000000348b668]
Event: 7.467 Thread 0x0000000017853000 2367       3       org.springframework.util.AntPathMatcher$AntPathStringMatcher::matchStrings (171 bytes)
Event: 7.469 Thread 0x0000000017853000 nmethod 2367 0x000000000348bb10 code [0x000000000348bde0, 0x000000000348d4c8]

GC Heap History (10 events):
Event: 3.619 GC heap before
{Heap before GC invocations=3 (full 0):
 PSYoungGen      total 38400K, used 36224K [0x00000000d5f80000, 0x00000000daa80000, 0x0000000100000000)
  eden space 33280K, 100% used [0x00000000d5f80000,0x00000000d8000000,0x00000000d8000000)
  from space 5120K, 57% used [0x00000000d8500000,0x00000000d87e02c0,0x00000000d8a00000)
  to   space 5120K, 0% used [0x00000000d8000000,0x00000000d8000000,0x00000000d8500000)
 ParOldGen       total 87552K, used 16K [0x0000000081e00000, 0x0000000087380000, 0x00000000d5f80000)
  object space 87552K, 0% used [0x0000000081e00000,0x0000000081e04000,0x0000000087380000)
 Metaspace       used 12758K, capacity 13470K, committed 13568K, reserved 1060864K
  class space    used 1592K, capacity 1766K, committed 1792K, reserved 1048576K
Event: 3.639 GC heap after
Heap after GC invocations=3 (full 0):
 PSYoungGen      total 38400K, used 5110K [0x00000000d5f80000, 0x00000000daa80000, 0x0000000100000000)
  eden space 33280K, 0% used [0x00000000d5f80000,0x00000000d5f80000,0x00000000d8000000)
  from space 5120K, 99% used [0x00000000d8000000,0x00000000d84fd970,0x00000000d8500000)
  to   space 5120K, 0% used [0x00000000da580000,0x00000000da580000,0x00000000daa80000)
 ParOldGen       total 87552K, used 802K [0x0000000081e00000, 0x0000000087380000, 0x00000000d5f80000)
  object space 87552K, 0% used [0x0000000081e00000,0x0000000081ec8b10,0x0000000087380000)
 Metaspace       used 12758K, capacity 13470K, committed 13568K, reserved 1060864K
  class space    used 1592K, capacity 1766K, committed 1792K, reserved 1048576K
}
Event: 4.284 GC heap before
{Heap before GC invocations=4 (full 0):
 PSYoungGen      total 38400K, used 38390K [0x00000000d5f80000, 0x00000000daa80000, 0x0000000100000000)
  eden space 33280K, 100% used [0x00000000d5f80000,0x00000000d8000000,0x00000000d8000000)
  from space 5120K, 99% used [0x00000000d8000000,0x00000000d84fd970,0x00000000d8500000)
  to   space 5120K, 0% used [0x00000000da580000,0x00000000da580000,0x00000000daa80000)
 ParOldGen       total 87552K, used 802K [0x0000000081e00000, 0x0000000087380000, 0x00000000d5f80000)
  object space 87552K, 0% used [0x0000000081e00000,0x0000000081ec8b10,0x0000000087380000)
 Metaspace       used 17137K, capacity 17908K, committed 18304K, reserved 1064960K
  class space    used 2127K, capacity 2323K, committed 2432K, reserved 1048576K
Event: 4.316 GC heap after
Heap after GC invocations=4 (full 0):
 PSYoungGen      total 71680K, used 5110K [0x00000000d5f80000, 0x00000000daa80000, 0x0000000100000000)
  eden space 66560K, 0% used [0x00000000d5f80000,0x00000000d5f80000,0x00000000da080000)
  from space 5120K, 99% used [0x00000000da580000,0x00000000daa7d910,0x00000000daa80000)
  to   space 5120K, 0% used [0x00000000da080000,0x00000000da080000,0x00000000da580000)
 ParOldGen       total 87552K, used 3615K [0x0000000081e00000, 0x0000000087380000, 0x00000000d5f80000)
  object space 87552K, 4% used [0x0000000081e00000,0x0000000082187e08,0x0000000087380000)
 Metaspace       used 17137K, capacity 17908K, committed 18304K, reserved 1064960K
  class space    used 2127K, capacity 2323K, committed 2432K, reserved 1048576K
}
Event: 5.193 GC heap before
{Heap before GC invocations=5 (full 0):
 PSYoungGen      total 71680K, used 71670K [0x00000000d5f80000, 0x00000000daa80000, 0x0000000100000000)
  eden space 66560K, 100% used [0x00000000d5f80000,0x00000000da080000,0x00000000da080000)
  from space 5120K, 99% used [0x00000000da580000,0x00000000daa7d910,0x00000000daa80000)
  to   space 5120K, 0% used [0x00000000da080000,0x00000000da080000,0x00000000da580000)
 ParOldGen       total 87552K, used 3615K [0x0000000081e00000, 0x0000000087380000, 0x00000000d5f80000)
  object space 87552K, 4% used [0x0000000081e00000,0x0000000082187e08,0x0000000087380000)
 Metaspace       used 20023K, capacity 20966K, committed 21248K, reserved 1067008K
  class space    used 2513K, capacity 2746K, committed 2816K, reserved 1048576K
Event: 5.228 GC heap after
Heap after GC invocations=5 (full 0):
 PSYoungGen      total 71680K, used 5102K [0x00000000d5f80000, 0x00000000df580000, 0x0000000100000000)
  eden space 66560K, 0% used [0x00000000d5f80000,0x00000000d5f80000,0x00000000da080000)
  from space 5120K, 99% used [0x00000000da080000,0x00000000da57bb08,0x00000000da580000)
  to   space 10240K, 0% used [0x00000000deb80000,0x00000000deb80000,0x00000000df580000)
 ParOldGen       total 87552K, used 6405K [0x0000000081e00000, 0x0000000087380000, 0x00000000d5f80000)
  object space 87552K, 7% used [0x0000000081e00000,0x00000000824414e0,0x0000000087380000)
 Metaspace       used 20023K, capacity 20966K, committed 21248K, reserved 1067008K
  class space    used 2513K, capacity 2746K, committed 2816K, reserved 1048576K
}
Event: 5.425 GC heap before
{Heap before GC invocations=6 (full 0):
 PSYoungGen      total 71680K, used 9884K [0x00000000d5f80000, 0x00000000df580000, 0x0000000100000000)
  eden space 66560K, 7% used [0x00000000d5f80000,0x00000000d642b608,0x00000000da080000)
  from space 5120K, 99% used [0x00000000da080000,0x00000000da57bb08,0x00000000da580000)
  to   space 10240K, 0% used [0x00000000deb80000,0x00000000deb80000,0x00000000df580000)
 ParOldGen       total 87552K, used 6405K [0x0000000081e00000, 0x0000000087380000, 0x00000000d5f80000)
  object space 87552K, 7% used [0x0000000081e00000,0x00000000824414e0,0x0000000087380000)
 Metaspace       used 20243K, capacity 21172K, committed 21248K, reserved 1067008K
  class space    used 2541K, capacity 2764K, committed 2816K, reserved 1048576K
Event: 5.438 GC heap after
Heap after GC invocations=6 (full 0):
 PSYoungGen      total 142336K, used 5511K [0x00000000d5f80000, 0x00000000df480000, 0x0000000100000000)
  eden space 133120K, 0% used [0x00000000d5f80000,0x00000000d5f80000,0x00000000de180000)
  from space 9216K, 59% used [0x00000000deb80000,0x00000000df0e1d60,0x00000000df480000)
  to   space 9728K, 0% used [0x00000000de180000,0x00000000de180000,0x00000000deb00000)
 ParOldGen       total 87552K, used 6413K [0x0000000081e00000, 0x0000000087380000, 0x00000000d5f80000)
  object space 87552K, 7% used [0x0000000081e00000,0x00000000824434e0,0x0000000087380000)
 Metaspace       used 20243K, capacity 21172K, committed 21248K, reserved 1067008K
  class space    used 2541K, capacity 2764K, committed 2816K, reserved 1048576K
}
Event: 5.438 GC heap before
{Heap before GC invocations=7 (full 1):
 PSYoungGen      total 142336K, used 5511K [0x00000000d5f80000, 0x00000000df480000, 0x0000000100000000)
  eden space 133120K, 0% used [0x00000000d5f80000,0x00000000d5f80000,0x00000000de180000)
  from space 9216K, 59% used [0x00000000deb80000,0x00000000df0e1d60,0x00000000df480000)
  to   space 9728K, 0% used [0x00000000de180000,0x00000000de180000,0x00000000deb00000)
 ParOldGen       total 87552K, used 6413K [0x0000000081e00000, 0x0000000087380000, 0x00000000d5f80000)
  object space 87552K, 7% used [0x0000000081e00000,0x00000000824434e0,0x0000000087380000)
 Metaspace       used 20243K, capacity 21172K, committed 21248K, reserved 1067008K
  class space    used 2541K, capacity 2764K, committed 2816K, reserved 1048576K
Event: 5.485 GC heap after
Heap after GC invocations=7 (full 1):
 PSYoungGen      total 142336K, used 0K [0x00000000d5f80000, 0x00000000df480000, 0x0000000100000000)
  eden space 133120K, 0% used [0x00000000d5f80000,0x00000000d5f80000,0x00000000de180000)
  from space 9216K, 0% used [0x00000000deb80000,0x00000000deb80000,0x00000000df480000)
  to   space 9728K, 0% used [0x00000000de180000,0x00000000de180000,0x00000000deb00000)
 ParOldGen       total 49664K, used 5828K [0x0000000081e00000, 0x0000000084e80000, 0x00000000d5f80000)
  object space 49664K, 11% used [0x0000000081e00000,0x00000000823b1230,0x0000000084e80000)
 Metaspace       used 20243K, capacity 21172K, committed 21248K, reserved 1067008K
  class space    used 2541K, capacity 2764K, committed 2816K, reserved 1048576K
}

Deoptimization events (10 events):
Event: 5.927 Thread 0x0000000019d22000 Uncommon trap: reason=array_check action=maybe_recompile pc=0x0000000003384840 method=java.util.AbstractCollection.toArray([Ljava/lang/Object;)[Ljava/lang/Object; @ 119
Event: 6.258 Thread 0x0000000019d22000 Uncommon trap: reason=class_check action=maybe_recompile pc=0x0000000002e276e8 method=java.lang.String.equals(Ljava/lang/Object;)Z @ 8
Event: 6.258 Thread 0x0000000019d22000 Uncommon trap: reason=class_check action=maybe_recompile pc=0x0000000002e276e8 method=java.lang.String.equals(Ljava/lang/Object;)Z @ 8
Event: 6.258 Thread 0x0000000019d22000 Uncommon trap: reason=class_check action=maybe_recompile pc=0x0000000002e276e8 method=java.lang.String.equals(Ljava/lang/Object;)Z @ 8
Event: 6.259 Thread 0x0000000019d22000 Uncommon trap: reason=unstable_if action=reinterpret pc=0x0000000003393b28 method=org.springframework.core.annotation.MergedAnnotationsCollection.isMappingForType(Lorg/springframework/core/annotation/AnnotationTypeMapping;Ljava/lang/Object;)Z @ 13
Event: 6.260 Thread 0x0000000019d22000 Uncommon trap: reason=class_check action=maybe_recompile pc=0x0000000002e276e8 method=java.lang.String.equals(Ljava/lang/Object;)Z @ 8
Event: 6.519 Thread 0x0000000019d22000 Uncommon trap: reason=unstable_if action=reinterpret pc=0x0000000003155a38 method=java.util.Arrays.equals([Ljava/lang/Object;[Ljava/lang/Object;)Z @ 65
Event: 7.122 Thread 0x0000000019d22000 Uncommon trap: reason=unstable_if action=reinterpret pc=0x000000000346be30 method=org.springframework.beans.factory.support.AbstractBeanFactory.isFactoryBean(Ljava/lang/String;Lorg/springframework/beans/factory/support/RootBeanDefinition;)Z @ 38
Event: 7.460 Thread 0x0000000019d22000 Uncommon trap: reason=unstable_if action=reinterpret pc=0x00000000034591cc method=org.springframework.beans.factory.support.AbstractBeanFactory.getMergedLocalBeanDefinition(Ljava/lang/String;)Lorg/springframework/beans/factory/support/RootBeanDefinition; 
Event: 7.460 Thread 0x0000000019d22000 Uncommon trap: reason=unstable_if action=reinterpret pc=0x0000000003464a70 method=org.springframework.beans.factory.support.DefaultSingletonBeanRegistry.getSingleton(Ljava/lang/String;Z)Ljava/lang/Object; @ 20

Classes redefined (0 events):
No events

Internal exceptions (10 events):
Event: 4.472 Thread 0x0000000019d22000 Exception <a 'java/lang/ClassNotFoundException': org/springframework/beans/factory/BeanClassLoaderAwareCustomizer> (0x00000000d682d0a8) thrown at [C:\wsjdk\Corretto8Src\installers\windows\zip\corretto-build\buildRoot\src\hotspot\src\share\vm\classfile\sys
Event: 4.473 Thread 0x0000000019d22000 Exception <a 'java/lang/ClassNotFoundException': org/springframework/beans/factory/AwareCustomizer> (0x00000000d6843a78) thrown at [C:\wsjdk\Corretto8Src\installers\windows\zip\corretto-build\buildRoot\src\hotspot\src\share\vm\classfile\systemDictionary.c
Event: 4.475 Thread 0x0000000019d22000 Exception <a 'java/lang/ClassNotFoundException': org/springframework/context/EnvironmentAwareCustomizer> (0x00000000d685a758) thrown at [C:\wsjdk\Corretto8Src\installers\windows\zip\corretto-build\buildRoot\src\hotspot\src\share\vm\classfile\systemDiction
Event: 4.476 Thread 0x0000000019d22000 Exception <a 'java/lang/ClassNotFoundException': org/springframework/beans/factory/AwareCustomizer> (0x00000000d68f3778) thrown at [C:\wsjdk\Corretto8Src\installers\windows\zip\corretto-build\buildRoot\src\hotspot\src\share\vm\classfile\systemDictionary.c
Event: 4.537 Thread 0x0000000019e2c000 Exception <a 'java/lang/IncompatibleClassChangeError': Found class java.lang.Object, but interface was expected> (0x00000000d6c372d0) thrown at [C:\wsjdk\Corretto8Src\installers\windows\zip\corretto-build\buildRoot\src\hotspot\src\share\vm\interpreter\lin
Event: 4.701 Thread 0x0000000019d22000 Exception <a 'java/lang/NoSuchMethodError': java.lang.Object.lambda$or$2(Ljava/util/function/Predicate;Ljava/lang/Object;)Z> (0x00000000d7097d68) thrown at [C:\wsjdk\Corretto8Src\installers\windows\zip\corretto-build\buildRoot\src\hotspot\src\share\vm\int
Event: 5.089 Thread 0x0000000019d22000 Exception <a 'java/lang/IncompatibleClassChangeError': Found class java.lang.Object, but interface was expected> (0x00000000d9ee0b58) thrown at [C:\wsjdk\Corretto8Src\installers\windows\zip\corretto-build\buildRoot\src\hotspot\src\share\vm\interpreter\lin
Event: 5.275 Thread 0x0000000019d22000 Exception <a 'java/lang/NoSuchMethodError': java.lang.Object.lambda$getAllAnnotationAttributes$0(Lorg/springframework/util/MultiValueMap;)Lorg/springframework/util/MultiValueMap;> (0x00000000d606d1d0) thrown at [C:\wsjdk\Corretto8Src\installers\windows\zi
Event: 5.277 Thread 0x0000000019d22000 Exception <a 'java/lang/NoSuchMethodError': java.lang.Object.lambda$identity$2(Ljava/lang/Object;)Ljava/lang/Object;> (0x00000000d607fcf8) thrown at [C:\wsjdk\Corretto8Src\installers\windows\zip\corretto-build\buildRoot\src\hotspot\src\share\vm\interprete
Event: 7.423 Thread 0x0000000019d22000 Exception <a 'java/lang/NoSuchMethodError': java.lang.Object.lambda$getRequiredAttribute$0(Ljava/lang/String;)Ljava/lang/IllegalArgumentException;> (0x00000000d87533f8) thrown at [C:\wsjdk\Corretto8Src\installers\windows\zip\corretto-build\buildRoot\src\h

Events (10 events):
Event: 7.460 Thread 0x0000000019d22000 DEOPT PACKING pc=0x0000000003464a70 sp=0x000000001b29d600
Event: 7.460 Thread 0x0000000019d22000 DEOPT UNPACKING pc=0x0000000002d5557b sp=0x000000001b29d5a8 mode 2
Event: 7.461 Executing VM operation: RevokeBias
Event: 7.461 Executing VM operation: RevokeBias done
Event: 7.461 loading class org/springframework/data/util/Streamable
Event: 7.461 loading class org/springframework/data/util/Streamable done
Event: 7.461 loading class org/springframework/data/repository/config/RepositoryComponentProvider
Event: 7.461 loading class org/springframework/data/repository/config/RepositoryComponentProvider done
Event: 7.461 loading class org/springframework/data/repository/config/RepositoryComponentProvider
Event: 7.461 loading class org/springframework/data/repository/config/RepositoryComponentProvider done


Dynamic libraries:
0x00007ff760820000 - 0x00007ff760855000 	C:\Users\Admin\.jdks\corretto-1.8.0_272\bin\java.exe
0x00007ffc6a770000 - 0x00007ffc6a965000 	C:\WINDOWS\SYSTEM32\ntdll.dll
0x00007ffc69670000 - 0x00007ffc6972d000 	C:\WINDOWS\System32\KERNEL32.DLL
0x00007ffc68250000 - 0x00007ffc68518000 	C:\WINDOWS\System32\KERNELBASE.dll
0x00007ffc68c00000 - 0x00007ffc68cac000 	C:\WINDOWS\System32\ADVAPI32.dll
0x00007ffc68d80000 - 0x00007ffc68e1e000 	C:\WINDOWS\System32\msvcrt.dll
0x00007ffc68ce0000 - 0x00007ffc68d7b000 	C:\WINDOWS\System32\sechost.dll
0x00007ffc69290000 - 0x00007ffc693bb000 	C:\WINDOWS\System32\RPCRT4.dll
0x00007ffc69450000 - 0x00007ffc695f0000 	C:\WINDOWS\System32\USER32.dll
0x00007ffc687b0000 - 0x00007ffc687d2000 	C:\WINDOWS\System32\win32u.dll
0x00007ffc68cb0000 - 0x00007ffc68cda000 	C:\WINDOWS\System32\GDI32.dll
0x00007ffc686a0000 - 0x00007ffc687ab000 	C:\WINDOWS\System32\gdi32full.dll
0x00007ffc68600000 - 0x00007ffc6869d000 	C:\WINDOWS\System32\msvcp_win.dll
0x00007ffc67ff0000 - 0x00007ffc680f0000 	C:\WINDOWS\System32\ucrtbase.dll
0x00007ffc56490000 - 0x00007ffc5672a000 	C:\WINDOWS\WinSxS\amd64_microsoft.windows.common-controls_6595b64144ccf1df_6.0.19041.1052_none_60b8f8fd71f5e8cb\COMCTL32.dll
0x00007ffc68bd0000 - 0x00007ffc68c00000 	C:\WINDOWS\System32\IMM32.DLL
0x00000000614e0000 - 0x00000000615b2000 	C:\Users\Admin\.jdks\corretto-1.8.0_272\jre\bin\msvcr100.dll
0x0000000060c20000 - 0x00000000614dc000 	C:\Users\Admin\.jdks\corretto-1.8.0_272\jre\bin\server\jvm.dll
0x00007ffc69660000 - 0x00007ffc69668000 	C:\WINDOWS\System32\PSAPI.DLL
0x00007ffc54020000 - 0x00007ffc54029000 	C:\WINDOWS\SYSTEM32\WSOCK32.dll
0x00007ffc695f0000 - 0x00007ffc6965b000 	C:\WINDOWS\System32\WS2_32.dll
0x00007ffc587a0000 - 0x00007ffc587c7000 	C:\WINDOWS\SYSTEM32\WINMM.dll
0x00007ffc5a8a0000 - 0x00007ffc5a8aa000 	C:\WINDOWS\SYSTEM32\VERSION.dll
0x00007ffc63350000 - 0x00007ffc6335f000 	C:\Users\Admin\.jdks\corretto-1.8.0_272\jre\bin\verify.dll
0x00007ffc46310000 - 0x00007ffc46339000 	C:\Users\Admin\.jdks\corretto-1.8.0_272\jre\bin\java.dll
0x00007ffc53ff0000 - 0x00007ffc54006000 	C:\Users\Admin\.jdks\corretto-1.8.0_272\jre\bin\zip.dll
0x00007ffc69f40000 - 0x00007ffc6a67f000 	C:\WINDOWS\System32\SHELL32.dll
0x00007ffc65c30000 - 0x00007ffc663c0000 	C:\WINDOWS\SYSTEM32\windows.storage.dll
0x00007ffc69a60000 - 0x00007ffc69db5000 	C:\WINDOWS\System32\combase.dll
0x00007ffc67920000 - 0x00007ffc6794c000 	C:\WINDOWS\SYSTEM32\Wldp.dll
0x00007ffc69870000 - 0x00007ffc6991e000 	C:\WINDOWS\System32\SHCORE.dll
0x00007ffc69920000 - 0x00007ffc69975000 	C:\WINDOWS\System32\shlwapi.dll
0x00007ffc67df0000 - 0x00007ffc67e0f000 	C:\WINDOWS\SYSTEM32\profapi.dll
0x00007ffc63340000 - 0x00007ffc6334d000 	C:\Users\Admin\.jdks\corretto-1.8.0_272\jre\bin\management.dll
0x00007ffc4bde0000 - 0x00007ffc4bdfb000 	C:\Users\Admin\.jdks\corretto-1.8.0_272\jre\bin\net.dll
0x00007ffc67690000 - 0x00007ffc676fa000 	C:\WINDOWS\system32\mswsock.dll
0x00007ffc61920000 - 0x00007ffc61937000 	C:\WINDOWS\system32\napinsp.dll
0x00007ffc61900000 - 0x00007ffc6191b000 	C:\WINDOWS\system32\pnrpnsp.dll
0x00007ffc62600000 - 0x00007ffc62615000 	C:\WINDOWS\system32\wshbth.dll
0x00007ffc631a0000 - 0x00007ffc631bd000 	C:\WINDOWS\system32\NLAapi.dll
0x00007ffc67330000 - 0x00007ffc6736b000 	C:\WINDOWS\SYSTEM32\IPHLPAPI.DLL
0x00007ffc67380000 - 0x00007ffc6744c000 	C:\WINDOWS\SYSTEM32\DNSAPI.dll
0x00007ffc69730000 - 0x00007ffc69738000 	C:\WINDOWS\System32\NSI.dll
0x00007ffc618a0000 - 0x00007ffc618b2000 	C:\WINDOWS\System32\winrnr.dll
0x00007ffc5ec30000 - 0x00007ffc5ec3a000 	C:\Windows\System32\rasadhlp.dll
0x00007ffc55040000 - 0x00007ffc550bf000 	C:\WINDOWS\System32\fwpuclnt.dll
0x00007ffc67eb0000 - 0x00007ffc67ed7000 	C:\WINDOWS\System32\bcrypt.dll
0x00007ffc4bda0000 - 0x00007ffc4bdb2000 	C:\Users\Admin\.jdks\corretto-1.8.0_272\jre\bin\nio.dll

VM Arguments:
jvm_args: -Dfile.encoding=windows-1252 -Duser.country=US -Duser.language=en -Duser.variant 
java_command: com.example.technologyworld.TechnologyWorldApplication
java_class_path (initial): C:\Users\Admin\Documents\Product-Dev\BackEnd-Java\TechnologyWorld\build\classes\java\main;C:\Users\Admin\Documents\Product-Dev\BackEnd-Java\TechnologyWorld\build\resources\main;C:\Users\Admin\.gradle\caches\modules-2\files-2.1\org.springframework.boot\spring-boot-devtools\2.5.1\bfcb2bb0c70b96ce5eb9f59940bb4e6f77184ab5\spring-boot-devtools-2.5.1.jar;C:\Users\Admin\.gradle\caches\modules-2\files-2.1\org.springframework.boot\spring-boot-starter-data-jpa\2.5.1\ac73786ba90eff0050cd0dce778a025a83a6fe87\spring-boot-starter-data-jpa-2.5.1.jar;C:\Users\Admin\.gradle\caches\modules-2\files-2.1\org.springframework.boot\spring-boot-starter-jdbc\2.5.1\1f16392590e8f4204fe8987d006e423b0ce0889e\spring-boot-starter-jdbc-2.5.1.jar;C:\Users\Admin\.gradle\caches\modules-2\files-2.1\org.springframework.boot\spring-boot-starter-thymeleaf\2.5.1\ad68f166edf4b20584d8737187fd25848f280c1a\spring-boot-starter-thymeleaf-2.5.1.jar;C:\Users\Admin\.gradle\caches\modules-2\files-2.1\org.springframework.boot\spring-boot-starter-web\2.5.1\21cb018c0ac46be930e83ad4231550892e2002ac\spring-boot-starter-web-2.5.1.jar;C:\Users\Admin\.gradle\caches\modules-2\files-2.1\mysql\mysql-connector-java\8.0.25\f8b9123acd13058c941aff25f308c9ed8000bb73\mysql-connector-java-8.0.25.jar;C:\Users\Admin\.gradle\caches\modules-2\files-2.1\org.postgresql\postgresql\42.2.20\36cc2142f46e8f4b77ffc1840ada1ba33d96324f\postgresql-42.2.20.jar;C:\Users\Admin\.gradle\caches\modules-2\files-2.1\org.springframework.boot\spring-boot-starter-aop\2.5.1\44d475a5c3173610effbc4ad771ba3eb0482b6b9\spring-boot-starter-aop-2.5.1.jar;C:\Users\Admin\.gradle\caches\modules-2\files-2.1\org.springframework.boot\spring-boot-starter-json\2.5.1\6caadea880eea629af40bc30163b6be047999b95\spring-boot-starter-json-2.5.1.jar;C:\Users\Admin\.gradle\caches\modules-2\files-2.1\org.springframework.boot\spring-boot-starter\2.5.1\2d43f64d7016e3a3a3bb5173b30d4cf67dd8c310\spring-boot-starter-2.5.1.jar;C:\Users\Admin\.gradle\caches\modules
Launcher Type: SUN_STANDARD

Environment Variables:
JAVA_HOME=C:\Program Files\Java\jdk1.8.0_251
JRE_HOME=C:\Program Files\Java\jdk-14
PATH=C:\Program Files (x86)\Common Files\Oracle\Java\javapath;C:\WINDOWS\system32;C:\WINDOWS;C:\WINDOWS\System32\Wbem;C:\WINDOWS\System32\WindowsPowerShell\v1.0\;C:\WINDOWS\System32\OpenSSH\;C:\Program Files\Git\cmd;C:\Program Files\MySQL\MySQL Server 5.7\bin;C:\Program Files\nodejs\;C:\Program Files\dotnet\;C:\Program Files (x86)\dotnet\;C:\Program Files\Microsoft SQL Server\Client SDK\ODBC\170\Tools\Binn\;C:\Program Files (x86)\Microsoft SQL Server\150\Tools\Binn\;C:\Program Files\Microsoft SQL Server\150\Tools\Binn\;C:\Program Files\Microsoft SQL Server\150\DTS\Binn\;C:\Program Files\Azure Data Studio\bin;C:\Program Files (x86)\Microsoft SQL Server\110\Tools\Binn\;C:\Program Files (x86)\Microsoft SQL Server\110\DTS\Binn\;C:\Program Files\MySQL\MySQL Shell 8.0\bin\;C:\Users\Admin\AppData\Local\Microsoft\WindowsApps;C:\Users\Admin\AppData\Local\GitHubDesktop\bin;C:\Program Files\MySQL\MySQL Server 5.7\bin;C:\Program Files\Java\jdk-14;C:\Users\Admin\AppData\Roaming\npm;C:\Users\Admin\AppData\Local\Microsoft\WindowsApps;C:\Users\Admin\AppData\Local\Programs\Microsoft VS Code\bin;C:\Users\Admin\.dotnet\tools;C:\Program Files\dotnet\sdk\5.0.301;;C:\Program Files\Azure Data Studio\bin
USERNAME=Admin
OS=Windows_NT
PROCESSOR_IDENTIFIER=Intel64 Family 6 Model 61 Stepping 4, GenuineIntel



---------------  S Y S T E M  ---------------

OS: Windows 10.0 , 64 bit Build 19041 (10.0.19041.1023)

CPU:total 4 (initial active 4) (2 cores per cpu, 2 threads per core) family 6 model 61 stepping 4, cmov, cx8, fxsr, mmx, sse, sse2, sse3, ssse3, sse4.1, sse4.2, popcnt, avx, avx2, aes, clmul, erms, rtm, 3dnowpref, lzcnt, ht, tsc, tscinvbit, bmi1, bmi2, adx

Memory: 4k page, physical 8257884k(435044k free), swap 14291412k(11496k free)

vm_info: OpenJDK 64-Bit Server VM (25.272-b10) for windows-amd64 JRE (1.8.0_272-b10), built on Oct 21 2020 21:11:20 by "Administrator" with MS VC++ 10.0 (VS2010)

time: Sat Jun 12 21:27:55 2021
timezone: SE Asia Standard Time
elapsed time: 7.573559 seconds (0d 0h 0m 7s)

