#
# There is insufficient memory for the Java Runtime Environment to continue.
# Native memory allocation (malloc) failed to allocate 1154736 bytes for Chunk::new
# Possible reasons:
#   The system is out of physical RAM or swap space
#   The process is running with CompressedOops enabled, and the Java Heap may be blocking the growth of the native heap
# Possible solutions:
#   Reduce memory load on the system
#   Increase physical memory or swap space
#   Check if swap backing store is full
#   Decrease Java heap size (-Xmx/-Xms)
#   Decrease number of Java threads
#   Decrease Java thread stack sizes (-Xss)
#   Set larger code cache with -XX:ReservedCodeCacheSize=
#   JVM is running with Unscaled Compressed Oops mode in which the Java heap is
#     placed in the first 4GB address space. The Java Heap base address is the
#     maximum limit for the native heap growth. Please use -XX:HeapBaseMinAddress
#     to set the Java Heap base and to place the Java Heap above 4GB virtual address.
# This output file may be truncated or incomplete.
#
#  Out of Memory Error (allocation.cpp:389), pid=9348, tid=0x0000000000001294
#
# JRE version: OpenJDK Runtime Environment (8.0_272-b10) (build 1.8.0_272-b10)
# Java VM: OpenJDK 64-Bit Server VM (25.272-b10 mixed mode windows-amd64 compressed oops)
# Failed to write core dump. Minidumps are not enabled by default on client versions of Windows
#

---------------  T H R E A D  ---------------

Current thread (0x0000000017679000):  JavaThread "C2 CompilerThread0" daemon [_thread_in_native, id=4756, stack(0x0000000018cb0000,0x0000000018db0000)]

Stack: [0x0000000018cb0000,0x0000000018db0000]
[error occurred during error reporting (printing stack bounds), id 0xc0000005]

Native frames: (J=compiled Java code, j=interpreted, Vv=VM code, C=native code)


Current CompileTask:
C2:  17075 3872       4       java.net.URLStreamHandler::parseURL (1193 bytes)


---------------  P R O C E S S  ---------------

Java Threads: ( => current thread )
  0x000000001a4eb000 JavaThread "HikariPool-1 connection adder" daemon [_thread_blocked, id=16948, stack(0x0000000021470000,0x0000000021570000)]
  0x0000000019358000 JavaThread "HikariPool-1 housekeeper" daemon [_thread_blocked, id=15616, stack(0x0000000021370000,0x0000000021470000)]
  0x00000000197d0000 JavaThread "mysql-cj-abandoned-connection-cleanup" daemon [_thread_blocked, id=19484, stack(0x000000001fac0000,0x000000001fbc0000)]
  0x000000001d58a000 JavaThread "container-0" [_thread_blocked, id=15848, stack(0x000000001f9c0000,0x000000001fac0000)]
  0x000000001c9f1800 JavaThread "Catalina-utility-2" [_thread_blocked, id=19748, stack(0x000000001f8c0000,0x000000001f9c0000)]
  0x000000001d626800 JavaThread "Catalina-utility-1" [_thread_blocked, id=19508, stack(0x000000001b800000,0x000000001b900000)]
  0x0000000019c31000 JavaThread "restartedMain" [_thread_in_native, id=19504, stack(0x0000000019ff0000,0x000000001a0f0000)]
  0x0000000019c72800 JavaThread "Thread-0" [_thread_blocked, id=15860, stack(0x0000000019ef0000,0x0000000019ff0000)]
  0x00000000176be000 JavaThread "Service Thread" daemon [_thread_blocked, id=19024, stack(0x00000000193b0000,0x00000000194b0000)]
  0x00000000176b4000 JavaThread "C1 CompilerThread2" daemon [_thread_blocked, id=16340, stack(0x0000000018eb0000,0x0000000018fb0000)]
  0x000000001767b000 JavaThread "C2 CompilerThread1" daemon [_thread_blocked, id=19904, stack(0x0000000018db0000,0x0000000018eb0000)]
=>0x0000000017679000 JavaThread "C2 CompilerThread0" daemon [_thread_in_native, id=4756, stack(0x0000000018cb0000,0x0000000018db0000)]
  0x000000001766e800 JavaThread "Attach Listener" daemon [_thread_blocked, id=15404, stack(0x0000000018bb0000,0x0000000018cb0000)]
  0x000000001766d000 JavaThread "Signal Dispatcher" daemon [_thread_blocked, id=19040, stack(0x0000000018ab0000,0x0000000018bb0000)]
  0x0000000002b3c000 JavaThread "Finalizer" daemon [_thread_blocked, id=17064, stack(0x00000000188b0000,0x00000000189b0000)]
  0x0000000017649000 JavaThread "Reference Handler" daemon [_thread_blocked, id=19044, stack(0x00000000187b0000,0x00000000188b0000)]
  0x0000000002a47800 JavaThread "main" [_thread_blocked, id=16732, stack(0x0000000002940000,0x0000000002a40000)]

Other Threads:
  0x0000000017626800 VMThread [stack: 0x00000000186b0000,0x00000000187b0000] [id=9428]
  0x00000000176be800 WatcherThread [stack: 0x00000000194b0000,0x00000000195b0000] [id=16140]

VM state:not at safepoint (normal execution)

VM Mutex/Monitor currently owned by a thread: None

heap address: 0x0000000081e00000, size: 2018 MB, Compressed Oops mode: 32-bit
Narrow klass base: 0x0000000000000000, Narrow klass shift: 3
Compressed class space size: 1073741824 Address: 0x0000000100000000

Heap:
 PSYoungGen      total 139264K, used 74412K [0x00000000d5f80000, 0x00000000e4c00000, 0x0000000100000000)
  eden space 130048K, 57% used [0x00000000d5f80000,0x00000000da82b300,0x00000000dde80000)
  from space 9216K, 0% used [0x00000000deb80000,0x00000000deb80000,0x00000000df480000)
  to   space 13312K, 0% used [0x00000000dde80000,0x00000000dde80000,0x00000000deb80000)
 ParOldGen       total 77824K, used 15354K [0x0000000081e00000, 0x0000000086a00000, 0x00000000d5f80000)
  object space 77824K, 19% used [0x0000000081e00000,0x0000000082cfea20,0x0000000086a00000)
 Metaspace       used 41600K, capacity 43972K, committed 44120K, reserved 1087488K
  class space    used 5535K, capacity 5952K, committed 6016K, reserved 1048576K

Card table byte_map: [0x0000000011f00000,0x0000000012300000] byte_map_base: 0x0000000011af1000

Marking Bits: (ParMarkBitMap*) 0x000000006145a830
 Begin Bits: [0x00000000129b0000, 0x0000000014938000)
 End Bits:   [0x0000000014938000, 0x00000000168c0000)

Polling page: 0x0000000002890000

CodeCache: size=245760Kb used=11956Kb max_used=11968Kb free=233803Kb
 bounds [0x0000000002b40000, 0x0000000003710000, 0x0000000011b40000]
 total_blobs=3922 nmethods=3446 adapters=388
 compilation: enabled

Compilation events (10 events):
Event: 16.917 Thread 0x000000001767b000 nmethod 3886 0x0000000002eeea50 code [0x0000000002eeeba0, 0x0000000002eeec58]
Event: 16.918 Thread 0x000000001767b000 3887       4       sun.invoke.util.BytecodeDescriptor::unparseSig (75 bytes)
Event: 16.920 Thread 0x00000000176b4000 3888   !   3       java.lang.Class::newInstance (155 bytes)
Event: 16.922 Thread 0x00000000176b4000 nmethod 3888 0x0000000002e4e010 code [0x0000000002e4e320, 0x0000000002e4f7f8]
Event: 17.004 Thread 0x000000001767b000 nmethod 3887 0x00000000033c65d0 code [0x00000000033c67a0, 0x00000000033c7d18]
Event: 17.004 Thread 0x000000001767b000 3889       4       java.net.URLStreamHandler::toExternalForm (219 bytes)
Event: 17.048 Thread 0x000000001767b000 nmethod 3889 0x0000000002e4c2d0 code [0x0000000002e4c480, 0x0000000002e4d278]
Event: 17.055 Thread 0x00000000176b4000 3890       3       java.lang.ClassLoader::findBootstrapClassOrNull (16 bytes)
Event: 17.055 Thread 0x00000000176b4000 nmethod 3890 0x0000000002eee610 code [0x0000000002eee780, 0x0000000002eee9b8]
Event: 17.062 Thread 0x000000001767b000 3891       4       java.util.WeakHashMap::put (162 bytes)

GC Heap History (10 events):
Event: 4.505 GC heap before
{Heap before GC invocations=6 (full 0):
 PSYoungGen      total 71680K, used 10473K [0x00000000d5f80000, 0x00000000df580000, 0x0000000100000000)
  eden space 66560K, 8% used [0x00000000d5f80000,0x00000000d64bc260,0x00000000da080000)
  from space 5120K, 99% used [0x00000000da080000,0x00000000da57e430,0x00000000da580000)
  to   space 10240K, 0% used [0x00000000deb80000,0x00000000deb80000,0x00000000df580000)
 ParOldGen       total 87552K, used 6456K [0x0000000081e00000, 0x0000000087380000, 0x00000000d5f80000)
  object space 87552K, 7% used [0x0000000081e00000,0x000000008244e1d0,0x0000000087380000)
 Metaspace       used 20236K, capacity 21176K, committed 21248K, reserved 1067008K
  class space    used 2545K, capacity 2764K, committed 2816K, reserved 1048576K
Event: 4.512 GC heap after
Heap after GC invocations=6 (full 0):
 PSYoungGen      total 142336K, used 5645K [0x00000000d5f80000, 0x00000000df480000, 0x0000000100000000)
  eden space 133120K, 0% used [0x00000000d5f80000,0x00000000d5f80000,0x00000000de180000)
  from space 9216K, 61% used [0x00000000deb80000,0x00000000df103408,0x00000000df480000)
  to   space 9728K, 0% used [0x00000000de180000,0x00000000de180000,0x00000000deb00000)
 ParOldGen       total 87552K, used 6464K [0x0000000081e00000, 0x0000000087380000, 0x00000000d5f80000)
  object space 87552K, 7% used [0x0000000081e00000,0x00000000824501d0,0x0000000087380000)
 Metaspace       used 20236K, capacity 21176K, committed 21248K, reserved 1067008K
  class space    used 2545K, capacity 2764K, committed 2816K, reserved 1048576K
}
Event: 4.512 GC heap before
{Heap before GC invocations=7 (full 1):
 PSYoungGen      total 142336K, used 5645K [0x00000000d5f80000, 0x00000000df480000, 0x0000000100000000)
  eden space 133120K, 0% used [0x00000000d5f80000,0x00000000d5f80000,0x00000000de180000)
  from space 9216K, 61% used [0x00000000deb80000,0x00000000df103408,0x00000000df480000)
  to   space 9728K, 0% used [0x00000000de180000,0x00000000de180000,0x00000000deb00000)
 ParOldGen       total 87552K, used 6464K [0x0000000081e00000, 0x0000000087380000, 0x00000000d5f80000)
  object space 87552K, 7% used [0x0000000081e00000,0x00000000824501d0,0x0000000087380000)
 Metaspace       used 20236K, capacity 21176K, committed 21248K, reserved 1067008K
  class space    used 2545K, capacity 2764K, committed 2816K, reserved 1048576K
Event: 4.565 GC heap after
Heap after GC invocations=7 (full 1):
 PSYoungGen      total 142336K, used 0K [0x00000000d5f80000, 0x00000000df480000, 0x0000000100000000)
  eden space 133120K, 0% used [0x00000000d5f80000,0x00000000d5f80000,0x00000000de180000)
  from space 9216K, 0% used [0x00000000deb80000,0x00000000deb80000,0x00000000df480000)
  to   space 9728K, 0% used [0x00000000de180000,0x00000000de180000,0x00000000deb00000)
 ParOldGen       total 52736K, used 5866K [0x0000000081e00000, 0x0000000085180000, 0x00000000d5f80000)
  object space 52736K, 11% used [0x0000000081e00000,0x00000000823ba8c0,0x0000000085180000)
 Metaspace       used 20236K, capacity 21176K, committed 21248K, reserved 1067008K
  class space    used 2545K, capacity 2764K, committed 2816K, reserved 1048576K
}
Event: 9.682 GC heap before
{Heap before GC invocations=8 (full 1):
 PSYoungGen      total 142336K, used 133059K [0x00000000d5f80000, 0x00000000df480000, 0x0000000100000000)
  eden space 133120K, 99% used [0x00000000d5f80000,0x00000000de170f80,0x00000000de180000)
  from space 9216K, 0% used [0x00000000deb80000,0x00000000deb80000,0x00000000df480000)
  to   space 9728K, 0% used [0x00000000de180000,0x00000000de180000,0x00000000deb00000)
 ParOldGen       total 52736K, used 5866K [0x0000000081e00000, 0x0000000085180000, 0x00000000d5f80000)
  object space 52736K, 11% used [0x0000000081e00000,0x00000000823ba8c0,0x0000000085180000)
 Metaspace       used 28480K, capacity 30506K, committed 30848K, reserved 1075200K
  class space    used 3699K, capacity 4105K, committed 4224K, reserved 1048576K
Event: 9.710 GC heap after
Heap after GC invocations=8 (full 1):
 PSYoungGen      total 142848K, used 9711K [0x00000000d5f80000, 0x00000000df480000, 0x0000000100000000)
  eden space 133120K, 0% used [0x00000000d5f80000,0x00000000d5f80000,0x00000000de180000)
  from space 9728K, 99% used [0x00000000de180000,0x00000000deafbec0,0x00000000deb00000)
  to   space 9216K, 0% used [0x00000000deb80000,0x00000000deb80000,0x00000000df480000)
 ParOldGen       total 52736K, used 8382K [0x0000000081e00000, 0x0000000085180000, 0x00000000d5f80000)
  object space 52736K, 15% used [0x0000000081e00000,0x000000008262f810,0x0000000085180000)
 Metaspace       used 28480K, capacity 30506K, committed 30848K, reserved 1075200K
  class space    used 3699K, capacity 4105K, committed 4224K, reserved 1048576K
}
Event: 14.028 GC heap before
{Heap before GC invocations=9 (full 1):
 PSYoungGen      total 142848K, used 93132K [0x00000000d5f80000, 0x00000000df480000, 0x0000000100000000)
  eden space 133120K, 62% used [0x00000000d5f80000,0x00000000db0f73b0,0x00000000de180000)
  from space 9728K, 99% used [0x00000000de180000,0x00000000deafbec0,0x00000000deb00000)
  to   space 9216K, 0% used [0x00000000deb80000,0x00000000deb80000,0x00000000df480000)
 ParOldGen       total 52736K, used 8382K [0x0000000081e00000, 0x0000000085180000, 0x00000000d5f80000)
  object space 52736K, 15% used [0x0000000081e00000,0x000000008262f810,0x0000000085180000)
 Metaspace       used 33071K, capacity 35328K, committed 35416K, reserved 1079296K
  class space    used 4235K, capacity 4682K, committed 4736K, reserved 1048576K
Event: 14.042 GC heap after
Heap after GC invocations=9 (full 1):
 PSYoungGen      total 139264K, used 9203K [0x00000000d5f80000, 0x00000000e4c00000, 0x0000000100000000)
  eden space 130048K, 0% used [0x00000000d5f80000,0x00000000d5f80000,0x00000000dde80000)
  from space 9216K, 99% used [0x00000000deb80000,0x00000000df47cd40,0x00000000df480000)
  to   space 13312K, 0% used [0x00000000dde80000,0x00000000dde80000,0x00000000deb80000)
 ParOldGen       total 52736K, used 9876K [0x0000000081e00000, 0x0000000085180000, 0x00000000d5f80000)
  object space 52736K, 18% used [0x0000000081e00000,0x00000000827a5388,0x0000000085180000)
 Metaspace       used 33071K, capacity 35328K, committed 35416K, reserved 1079296K
  class space    used 4235K, capacity 4682K, committed 4736K, reserved 1048576K
}
Event: 14.042 GC heap before
{Heap before GC invocations=10 (full 2):
 PSYoungGen      total 139264K, used 9203K [0x00000000d5f80000, 0x00000000e4c00000, 0x0000000100000000)
  eden space 130048K, 0% used [0x00000000d5f80000,0x00000000d5f80000,0x00000000dde80000)
  from space 9216K, 99% used [0x00000000deb80000,0x00000000df47cd40,0x00000000df480000)
  to   space 13312K, 0% used [0x00000000dde80000,0x00000000dde80000,0x00000000deb80000)
 ParOldGen       total 52736K, used 9876K [0x0000000081e00000, 0x0000000085180000, 0x00000000d5f80000)
  object space 52736K, 18% used [0x0000000081e00000,0x00000000827a5388,0x0000000085180000)
 Metaspace       used 33071K, capacity 35328K, committed 35416K, reserved 1079296K
  class space    used 4235K, capacity 4682K, committed 4736K, reserved 1048576K
Event: 14.126 GC heap after
Heap after GC invocations=10 (full 2):
 PSYoungGen      total 139264K, used 0K [0x00000000d5f80000, 0x00000000e4c00000, 0x0000000100000000)
  eden space 130048K, 0% used [0x00000000d5f80000,0x00000000d5f80000,0x00000000dde80000)
  from space 9216K, 0% used [0x00000000deb80000,0x00000000deb80000,0x00000000df480000)
  to   space 13312K, 0% used [0x00000000dde80000,0x00000000dde80000,0x00000000deb80000)
 ParOldGen       total 77824K, used 15354K [0x0000000081e00000, 0x0000000086a00000, 0x00000000d5f80000)
  object space 77824K, 19% used [0x0000000081e00000,0x0000000082cfea20,0x0000000086a00000)
 Metaspace       used 33071K, capacity 35328K, committed 35416K, reserved 1079296K
  class space    used 4235K, capacity 4682K, committed 4736K, reserved 1048576K
}

Deoptimization events (10 events):
Event: 15.011 Thread 0x0000000019c31000 Uncommon trap: reason=class_check action=maybe_recompile pc=0x0000000002d682a4 method=java.util.regex.Pattern$SliceI.match(Ljava/util/regex/Matcher;ILjava/lang/CharSequence;)Z @ 92
Event: 15.011 Thread 0x0000000019c31000 Uncommon trap: reason=class_check action=maybe_recompile pc=0x0000000002d682a4 method=java.util.regex.Pattern$SliceI.match(Ljava/util/regex/Matcher;ILjava/lang/CharSequence;)Z @ 92
Event: 15.011 Thread 0x0000000019c31000 Uncommon trap: reason=class_check action=maybe_recompile pc=0x0000000002d682a4 method=java.util.regex.Pattern$SliceI.match(Ljava/util/regex/Matcher;ILjava/lang/CharSequence;)Z @ 92
Event: 15.011 Thread 0x0000000019c31000 Uncommon trap: reason=class_check action=maybe_recompile pc=0x0000000002d682a4 method=java.util.regex.Pattern$SliceI.match(Ljava/util/regex/Matcher;ILjava/lang/CharSequence;)Z @ 92
Event: 15.372 Thread 0x0000000019c31000 Uncommon trap: reason=class_check action=maybe_recompile pc=0x00000000036618a8 method=java.util.TreeMap.getEntry(Ljava/lang/Object;)Ljava/util/TreeMap$Entry; @ 26
Event: 15.463 Thread 0x0000000019c31000 Uncommon trap: reason=null_check action=make_not_entrant pc=0x0000000003349398 method=org.springframework.beans.factory.support.DefaultListableBeanFactory.getBeanDefinition(Ljava/lang/String;)Lorg/springframework/beans/factory/config/BeanDefinition; @ 10
Event: 16.471 Thread 0x0000000019c31000 Uncommon trap: reason=bimorphic action=maybe_recompile pc=0x00000000031fd10c method=java.lang.ClassLoader.loadClass(Ljava/lang/String;Z)Ljava/lang/Class; @ 70
Event: 16.473 Thread 0x0000000019c31000 Uncommon trap: reason=bimorphic action=maybe_recompile pc=0x00000000031fd10c method=java.lang.ClassLoader.loadClass(Ljava/lang/String;Z)Ljava/lang/Class; @ 70
Event: 16.963 Thread 0x0000000019c31000 Uncommon trap: reason=bimorphic action=maybe_recompile pc=0x00000000031fd10c method=java.lang.ClassLoader.loadClass(Ljava/lang/String;Z)Ljava/lang/Class; @ 70
Event: 17.052 Thread 0x0000000019c31000 Uncommon trap: reason=bimorphic action=maybe_recompile pc=0x00000000031fd10c method=java.lang.ClassLoader.loadClass(Ljava/lang/String;Z)Ljava/lang/Class; @ 70

Classes redefined (0 events):
No events

Internal exceptions (10 events):
Event: 7.370 Thread 0x0000000019c31000 Exception <a 'java/lang/ClassNotFoundException': org/springframework/beans/factory/AwareCustomizer> (0x00000000da7abc38) thrown at [C:\wsjdk\Corretto8Src\installers\windows\zip\corretto-build\buildRoot\src\hotspot\src\share\vm\classfile\systemDictionary.c
Event: 7.370 Thread 0x0000000019c31000 Implicit null exception at 0x0000000003452b4c to 0x0000000003452cc1
Event: 7.580 Thread 0x0000000019c31000 Exception <a 'java/lang/NoSuchMethodError': java.lang.Object.lambda$map$1(Ljava/util/function/Function;)Ljava/util/stream/Stream;> (0x00000000dabd9338) thrown at [C:\wsjdk\Corretto8Src\installers\windows\zip\corretto-build\buildRoot\src\hotspot\src\share\
Event: 7.880 Thread 0x0000000019c31000 Exception <a 'java/lang/IncompatibleClassChangeError': Found class java.lang.Object, but interface was expected> (0x00000000db2a9cf0) thrown at [C:\wsjdk\Corretto8Src\installers\windows\zip\corretto-build\buildRoot\src\hotspot\src\share\vm\interpreter\lin
Event: 9.881 Thread 0x0000000019c31000 Implicit null exception at 0x000000000359f244 to 0x00000000035a0cc1
Event: 10.235 Thread 0x0000000019c31000 Exception <a 'java/io/FileNotFoundException'> (0x00000000d94d5210) thrown at [C:\wsjdk\Corretto8Src\installers\windows\zip\corretto-build\buildRoot\src\hotspot\src\share\vm\prims\jni.cpp, line 711]
Event: 10.244 Thread 0x0000000019c31000 Exception <a 'java/io/FileNotFoundException'> (0x00000000d94d6608) thrown at [C:\wsjdk\Corretto8Src\installers\windows\zip\corretto-build\buildRoot\src\hotspot\src\share\vm\prims\jni.cpp, line 711]
Event: 10.411 Thread 0x0000000019c31000 Exception <a 'java/io/FileNotFoundException'> (0x00000000d996bff0) thrown at [C:\wsjdk\Corretto8Src\installers\windows\zip\corretto-build\buildRoot\src\hotspot\src\share\vm\prims\jni.cpp, line 711]
Event: 10.524 Thread 0x0000000019c31000 Implicit null exception at 0x0000000002db4cd6 to 0x0000000002db5071
Event: 15.463 Thread 0x0000000019c31000 Implicit null exception at 0x0000000003349213 to 0x000000000334938d

Events (10 events):
Event: 17.066 loading class org/hibernate/sql/ANSIJoinFragment
Event: 17.066 loading class org/hibernate/sql/ANSIJoinFragment done
Event: 17.067 loading class org/hibernate/sql/CaseFragment
Event: 17.067 loading class org/hibernate/sql/CaseFragment done
Event: 17.068 loading class org/hibernate/sql/ANSICaseFragment
Event: 17.068 loading class org/hibernate/sql/ANSICaseFragment done
Event: 17.069 loading class org/hibernate/engine/jdbc/env/spi/SchemaNameResolver
Event: 17.069 loading class org/hibernate/engine/jdbc/env/spi/SchemaNameResolver done
Event: 17.070 loading class org/hibernate/procedure/spi/CallableStatementSupport
Event: 17.070 loading class org/hibernate/procedure/spi/CallableStatementSupport done


Dynamic libraries:
0x00007ff760820000 - 0x00007ff760855000 	C:\Users\Admin\.jdks\corretto-1.8.0_272\bin\java.exe
0x00007ffc6a770000 - 0x00007ffc6a965000 	C:\WINDOWS\SYSTEM32\ntdll.dll
0x00007ffc69670000 - 0x00007ffc6972d000 	C:\WINDOWS\System32\KERNEL32.DLL
0x00007ffc68250000 - 0x00007ffc68518000 	C:\WINDOWS\System32\KERNELBASE.dll
0x00007ffc68c00000 - 0x00007ffc68cac000 	C:\WINDOWS\System32\ADVAPI32.dll
0x00007ffc68d80000 - 0x00007ffc68e1e000 	C:\WINDOWS\System32\msvcrt.dll
0x00007ffc68ce0000 - 0x00007ffc68d7b000 	C:\WINDOWS\System32\sechost.dll
0x00007ffc69290000 - 0x00007ffc693bb000 	C:\WINDOWS\System32\RPCRT4.dll
0x00007ffc69450000 - 0x00007ffc695f0000 	C:\WINDOWS\System32\USER32.dll
0x00007ffc687b0000 - 0x00007ffc687d2000 	C:\WINDOWS\System32\win32u.dll
0x00007ffc68cb0000 - 0x00007ffc68cda000 	C:\WINDOWS\System32\GDI32.dll
0x00007ffc686a0000 - 0x00007ffc687ab000 	C:\WINDOWS\System32\gdi32full.dll
0x00007ffc68600000 - 0x00007ffc6869d000 	C:\WINDOWS\System32\msvcp_win.dll
0x00007ffc67ff0000 - 0x00007ffc680f0000 	C:\WINDOWS\System32\ucrtbase.dll
0x00007ffc56490000 - 0x00007ffc5672a000 	C:\WINDOWS\WinSxS\amd64_microsoft.windows.common-controls_6595b64144ccf1df_6.0.19041.1052_none_60b8f8fd71f5e8cb\COMCTL32.dll
0x00007ffc68bd0000 - 0x00007ffc68c00000 	C:\WINDOWS\System32\IMM32.DLL
0x00000000614e0000 - 0x00000000615b2000 	C:\Users\Admin\.jdks\corretto-1.8.0_272\jre\bin\msvcr100.dll
0x0000000060c20000 - 0x00000000614dc000 	C:\Users\Admin\.jdks\corretto-1.8.0_272\jre\bin\server\jvm.dll
0x00007ffc69660000 - 0x00007ffc69668000 	C:\WINDOWS\System32\PSAPI.DLL
0x00007ffc54020000 - 0x00007ffc54029000 	C:\WINDOWS\SYSTEM32\WSOCK32.dll
0x00007ffc695f0000 - 0x00007ffc6965b000 	C:\WINDOWS\System32\WS2_32.dll
0x00007ffc587a0000 - 0x00007ffc587c7000 	C:\WINDOWS\SYSTEM32\WINMM.dll
0x00007ffc5a8a0000 - 0x00007ffc5a8aa000 	C:\WINDOWS\SYSTEM32\VERSION.dll
0x00007ffc63350000 - 0x00007ffc6335f000 	C:\Users\Admin\.jdks\corretto-1.8.0_272\jre\bin\verify.dll
0x00007ffc46310000 - 0x00007ffc46339000 	C:\Users\Admin\.jdks\corretto-1.8.0_272\jre\bin\java.dll
0x00007ffc53ff0000 - 0x00007ffc54006000 	C:\Users\Admin\.jdks\corretto-1.8.0_272\jre\bin\zip.dll
0x00007ffc69f40000 - 0x00007ffc6a67f000 	C:\WINDOWS\System32\SHELL32.dll
0x00007ffc65c30000 - 0x00007ffc663c0000 	C:\WINDOWS\SYSTEM32\windows.storage.dll
0x00007ffc69a60000 - 0x00007ffc69db5000 	C:\WINDOWS\System32\combase.dll
0x00007ffc67920000 - 0x00007ffc6794c000 	C:\WINDOWS\SYSTEM32\Wldp.dll
0x00007ffc69870000 - 0x00007ffc6991e000 	C:\WINDOWS\System32\SHCORE.dll
0x00007ffc69920000 - 0x00007ffc69975000 	C:\WINDOWS\System32\shlwapi.dll
0x00007ffc67df0000 - 0x00007ffc67e0f000 	C:\WINDOWS\SYSTEM32\profapi.dll
0x00007ffc63340000 - 0x00007ffc6334d000 	C:\Users\Admin\.jdks\corretto-1.8.0_272\jre\bin\management.dll
0x00007ffc4bde0000 - 0x00007ffc4bdfb000 	C:\Users\Admin\.jdks\corretto-1.8.0_272\jre\bin\net.dll
0x00007ffc67690000 - 0x00007ffc676fa000 	C:\WINDOWS\system32\mswsock.dll
0x00007ffc61920000 - 0x00007ffc61937000 	C:\WINDOWS\system32\napinsp.dll
0x00007ffc61900000 - 0x00007ffc6191b000 	C:\WINDOWS\system32\pnrpnsp.dll
0x00007ffc62600000 - 0x00007ffc62615000 	C:\WINDOWS\system32\wshbth.dll
0x00007ffc631a0000 - 0x00007ffc631bd000 	C:\WINDOWS\system32\NLAapi.dll
0x00007ffc67330000 - 0x00007ffc6736b000 	C:\WINDOWS\SYSTEM32\IPHLPAPI.DLL
0x00007ffc67380000 - 0x00007ffc6744c000 	C:\WINDOWS\SYSTEM32\DNSAPI.dll
0x00007ffc69730000 - 0x00007ffc69738000 	C:\WINDOWS\System32\NSI.dll
0x00007ffc618a0000 - 0x00007ffc618b2000 	C:\WINDOWS\System32\winrnr.dll
0x00007ffc5ec30000 - 0x00007ffc5ec3a000 	C:\Windows\System32\rasadhlp.dll
0x00007ffc55040000 - 0x00007ffc550bf000 	C:\WINDOWS\System32\fwpuclnt.dll
0x00007ffc67eb0000 - 0x00007ffc67ed7000 	C:\WINDOWS\System32\bcrypt.dll
0x00007ffc4bda0000 - 0x00007ffc4bdb2000 	C:\Users\Admin\.jdks\corretto-1.8.0_272\jre\bin\nio.dll
0x00007ffc67860000 - 0x00007ffc67878000 	C:\WINDOWS\SYSTEM32\CRYPTSP.dll
0x00007ffc66fc0000 - 0x00007ffc66ff4000 	C:\WINDOWS\system32\rsaenh.dll
0x00007ffc67d70000 - 0x00007ffc67d9e000 	C:\WINDOWS\SYSTEM32\USERENV.dll
0x00007ffc68570000 - 0x00007ffc685f3000 	C:\WINDOWS\System32\bcryptprimitives.dll
0x00007ffc67880000 - 0x00007ffc6788c000 	C:\WINDOWS\SYSTEM32\CRYPTBASE.dll
0x00007ffc5bad0000 - 0x00007ffc5bae7000 	C:\WINDOWS\SYSTEM32\dhcpcsvc6.DLL
0x00007ffc5e490000 - 0x00007ffc5e4ad000 	C:\WINDOWS\SYSTEM32\dhcpcsvc.DLL
0x00007ffc5dca0000 - 0x00007ffc5dcc4000 	C:\Users\Admin\.jdks\corretto-1.8.0_272\jre\bin\sunec.dll
0x00007ffc633a0000 - 0x00007ffc633ac000 	C:\Users\Admin\.jdks\corretto-1.8.0_272\jre\bin\sunmscapi.dll
0x00007ffc680f0000 - 0x00007ffc6824f000 	C:\WINDOWS\System32\CRYPT32.dll
0x00007ffc67990000 - 0x00007ffc679b7000 	C:\WINDOWS\SYSTEM32\ncrypt.dll
0x00007ffc67950000 - 0x00007ffc6798b000 	C:\WINDOWS\SYSTEM32\NTASN1.dll

VM Arguments:
jvm_args: -Dfile.encoding=windows-1252 -Duser.country=US -Duser.language=en -Duser.variant 
java_command: com.example.technologyworld.TechnologyWorldApplication
java_class_path (initial): C:\Users\Admin\Documents\Product-Dev\BackEnd-Java\TechnologyWorld\build\classes\java\main;C:\Users\Admin\Documents\Product-Dev\BackEnd-Java\TechnologyWorld\build\resources\main;C:\Users\Admin\.gradle\caches\modules-2\files-2.1\org.springframework.boot\spring-boot-devtools\2.5.1\bfcb2bb0c70b96ce5eb9f59940bb4e6f77184ab5\spring-boot-devtools-2.5.1.jar;C:\Users\Admin\.gradle\caches\modules-2\files-2.1\org.springframework.boot\spring-boot-starter-data-jpa\2.5.1\ac73786ba90eff0050cd0dce778a025a83a6fe87\spring-boot-starter-data-jpa-2.5.1.jar;C:\Users\Admin\.gradle\caches\modules-2\files-2.1\org.springframework.boot\spring-boot-starter-jdbc\2.5.1\1f16392590e8f4204fe8987d006e423b0ce0889e\spring-boot-starter-jdbc-2.5.1.jar;C:\Users\Admin\.gradle\caches\modules-2\files-2.1\org.springframework.boot\spring-boot-starter-thymeleaf\2.5.1\ad68f166edf4b20584d8737187fd25848f280c1a\spring-boot-starter-thymeleaf-2.5.1.jar;C:\Users\Admin\.gradle\caches\modules-2\files-2.1\org.springframework.boot\spring-boot-starter-web\2.5.1\21cb018c0ac46be930e83ad4231550892e2002ac\spring-boot-starter-web-2.5.1.jar;C:\Users\Admin\.gradle\caches\modules-2\files-2.1\mysql\mysql-connector-java\8.0.25\f8b9123acd13058c941aff25f308c9ed8000bb73\mysql-connector-java-8.0.25.jar;C:\Users\Admin\.gradle\caches\modules-2\files-2.1\org.postgresql\postgresql\42.2.20\36cc2142f46e8f4b77ffc1840ada1ba33d96324f\postgresql-42.2.20.jar;C:\Users\Admin\.gradle\caches\modules-2\files-2.1\org.springframework.boot\spring-boot-starter-aop\2.5.1\44d475a5c3173610effbc4ad771ba3eb0482b6b9\spring-boot-starter-aop-2.5.1.jar;C:\Users\Admin\.gradle\caches\modules-2\files-2.1\org.springframework.boot\spring-boot-starter-json\2.5.1\6caadea880eea629af40bc30163b6be047999b95\spring-boot-starter-json-2.5.1.jar;C:\Users\Admin\.gradle\caches\modules-2\files-2.1\org.springframework.boot\spring-boot-starter\2.5.1\2d43f64d7016e3a3a3bb5173b30d4cf67dd8c310\spring-boot-starter-2.5.1.jar;C:\Users\Admin\.gradle\caches\modules
Launcher Type: SUN_STANDARD

Environment Variables:
JAVA_HOME=C:\Program Files\Java\jdk1.8.0_251
JRE_HOME=C:\Program Files\Java\jdk-14
PATH=C:\Program Files (x86)\Common Files\Oracle\Java\javapath;C:\WINDOWS\system32;C:\WINDOWS;C:\WINDOWS\System32\Wbem;C:\WINDOWS\System32\WindowsPowerShell\v1.0\;C:\WINDOWS\System32\OpenSSH\;C:\Program Files\Git\cmd;C:\Program Files\MySQL\MySQL Server 5.7\bin;C:\Program Files\nodejs\;C:\Program Files\dotnet\;C:\Program Files (x86)\dotnet\;C:\Program Files\Microsoft SQL Server\Client SDK\ODBC\170\Tools\Binn\;C:\Program Files (x86)\Microsoft SQL Server\150\Tools\Binn\;C:\Program Files\Microsoft SQL Server\150\Tools\Binn\;C:\Program Files\Microsoft SQL Server\150\DTS\Binn\;C:\Program Files\Azure Data Studio\bin;C:\Program Files (x86)\Microsoft SQL Server\110\Tools\Binn\;C:\Program Files (x86)\Microsoft SQL Server\110\DTS\Binn\;C:\Program Files\MySQL\MySQL Shell 8.0\bin\;C:\Users\Admin\AppData\Local\Microsoft\WindowsApps;C:\Users\Admin\AppData\Local\GitHubDesktop\bin;C:\Program Files\MySQL\MySQL Server 5.7\bin;C:\Program Files\Java\jdk-14;C:\Users\Admin\AppData\Roaming\npm;C:\Users\Admin\AppData\Local\Microsoft\WindowsApps;C:\Users\Admin\AppData\Local\Programs\Microsoft VS Code\bin;C:\Users\Admin\.dotnet\tools;C:\Program Files\dotnet\sdk\5.0.301;;C:\Program Files\Azure Data Studio\bin
USERNAME=Admin
OS=Windows_NT
PROCESSOR_IDENTIFIER=Intel64 Family 6 Model 61 Stepping 4, GenuineIntel



---------------  S Y S T E M  ---------------

OS: Windows 10.0 , 64 bit Build 19041 (10.0.19041.1023)

CPU:total 4 (initial active 4) (2 cores per cpu, 2 threads per core) family 6 model 61 stepping 4, cmov, cx8, fxsr, mmx, sse, sse2, sse3, ssse3, sse4.1, sse4.2, popcnt, avx, avx2, aes, clmul, erms, rtm, 3dnowpref, lzcnt, ht, tsc, tscinvbit, bmi1, bmi2, adx

Memory: 4k page, physical 8257884k(437880k free), swap 14291412k(5312k free)

vm_info: OpenJDK 64-Bit Server VM (25.272-b10) for windows-amd64 JRE (1.8.0_272-b10), built on Oct 21 2020 21:11:20 by "Administrator" with MS VC++ 10.0 (VS2010)

time: Sat Jun 12 21:27:33 2021
timezone: SE Asia Standard Time
elapsed time: 17.089146 seconds (0d 0h 0m 17s)

